2025-03-24 20:31:54,220 - data_migration_fix - INFO - [32mmedicine_usage í…Œì´ë¸” ë°ì´í„° ì¬ë§ˆì´ê·¸ë ˆì´ì…˜ ì‹œì‘...[0m
2025-03-24 20:31:54,228 - data_migration_fix - INFO - í…Œì´ë¸” ë°ì´í„° í†µê³„: medicines=4738, medicine_usage=4738, integrated_drug_info=32227
2025-03-24 20:31:54,247 - data_migration_fix - INFO - medicine_usageì™€ medicines ê°„ì˜ ê´€ê³„ ìˆ˜: 4738
2025-03-24 20:31:54,247 - data_migration_fix - INFO - medicine_usage ìœ íš¨ í•„ë“œ: ['medicine_id', 'efcy_qesitm', 'use_method_qesitm', 'atpn_warn_qesitm', 'atpn_qesitm', 'intrc_qesitm', 'se_qesitm', 'deposit_method_qesitm']
2025-03-24 20:31:54,328 - data_migration_fix - INFO - í†µí•© í…Œì´ë¸”ì˜ medicine_usage ê´€ë ¨ í•„ë“œ ì´ˆê¸°í™”: 0ê°œ í–‰
2025-03-24 20:31:54,329 - data_migration_fix - INFO - medicinesì™€ integrated_drug_info ê°„ì˜ item_seq ê´€ê³„ ìƒ˜í”Œ (5ê°œ):
2025-03-24 20:31:54,329 - data_migration_fix - INFO -   medicines.id=10, item_seq=196200034, integrated_id=2355
2025-03-24 20:31:54,330 - data_migration_fix - INFO -   medicines.id=10, item_seq=196200034, integrated_id=16047
2025-03-24 20:31:54,330 - data_migration_fix - INFO -   medicines.id=15, item_seq=196500051, integrated_id=5719
2025-03-24 20:31:54,330 - data_migration_fix - INFO -   medicines.id=15, item_seq=196500051, integrated_id=16048
2025-03-24 20:31:54,330 - data_migration_fix - INFO -   medicines.id=35, item_seq=197000076, integrated_id=9979
2025-03-24 20:31:54,331 - data_migration_fix - INFO - ë™ì¼í•œ item_seqë¥¼ ê°€ì§„ ì˜ì•½í’ˆ ìƒ˜í”Œ (10ê°œ):
2025-03-24 20:31:54,331 - data_migration_fix - INFO -   integrated_id=2355, item_seq=196200034, item_name=ì‚ì½¤ì •, medicine_id=10
2025-03-24 20:31:54,331 - data_migration_fix - INFO -   integrated_id=16047, item_seq=196200034, item_name=ì‚ì½¤ì •, medicine_id=10
2025-03-24 20:31:54,332 - data_migration_fix - INFO -   integrated_id=5719, item_seq=196500051, item_name=ì§€ì—˜íƒ€ì´ë°ì •(ì¹´í˜ì¸ë¬´ìˆ˜ë¬¼), medicine_id=15
2025-03-24 20:31:54,332 - data_migration_fix - INFO -   integrated_id=16048, item_seq=196500051, item_name=ì§€ì—˜íƒ€ì´ë°ì •(ì¹´í˜ì¸ë¬´ìˆ˜ë¬¼), medicine_id=15
2025-03-24 20:31:54,332 - data_migration_fix - INFO -   integrated_id=9979, item_seq=197000076, item_name=ë³´ë‚˜ë§ì—ì´ì •(ë””ë©˜íˆë“œë¦¬ë„¤ì´íŠ¸), medicine_id=35
2025-03-24 20:31:54,332 - data_migration_fix - INFO -   integrated_id=16050, item_seq=197000076, item_name=ë³´ë‚˜ë§ì—ì´ì •(ë””ë©˜íˆë“œë¦¬ë„¤ì´íŠ¸), medicine_id=35
2025-03-24 20:31:54,332 - data_migration_fix - INFO -   integrated_id=7134, item_seq=197100015, item_name=íƒ€ì¹˜ì˜¨ì •50ë°€ë¦¬ê·¸ë¨(ê¸€ë£¨íƒ€í‹°ì˜¨(í™˜ì›í˜•)), medicine_id=4
2025-03-24 20:31:54,333 - data_migration_fix - INFO -   integrated_id=16051, item_seq=197100015, item_name=íƒ€ì¹˜ì˜¨ì •50ë°€ë¦¬ê·¸ë¨(ê¸€ë£¨íƒ€í‹°ì˜¨(í™˜ì›í˜•)), medicine_id=4
2025-03-24 20:31:54,333 - data_migration_fix - INFO -   integrated_id=8566, item_seq=197100081, item_name=í‚¤ëª¨ë„ì—ìŠ¤ì •, medicine_id=39
2025-03-24 20:31:54,333 - data_migration_fix - INFO -   integrated_id=16052, item_seq=197100081, item_name=í‚¤ëª¨ë„ì—ìŠ¤ì •, medicine_id=39
2025-03-24 20:31:54,431 - data_migration_fix - INFO - medicine_id ë§¤í•‘ ì™„ë£Œ (item_seq ê¸°ì¤€): 3225ê°œ í•­ëª©
2025-03-24 20:31:54,477 - data_migration_fix - INFO - medicine_id ë§¤í•‘ ì™„ë£Œ (item_name ê¸°ì¤€): 0ê°œ í•­ëª©
2025-03-24 20:31:54,482 - data_migration_fix - INFO - ì´ ë§¤í•‘ëœ medicine_id: 3225ê°œ
2025-03-24 20:31:54,694 - data_migration_fix - INFO - medicine_usage ë°ì´í„° ë§ˆì´ê·¸ë ˆì´ì…˜ ì™„ë£Œ: 3225ê°œ í•­ëª©
2025-03-24 20:31:54,695 - data_migration_fix - INFO - ë°ì´í„° ìƒ˜í”Œ (HTML íƒœê·¸ í¬í•¨):
2025-03-24 20:31:54,695 - data_migration_fix - INFO -   ë¡œí˜ì‹œì½˜ì¸„ì •
2025-03-24 20:31:54,696 - data_migration_fix - INFO -     - íš¨ëŠ¥íš¨ê³¼: NULL
2025-03-24 20:31:54,696 - data_migration_fix - INFO -     - ìš©ë²•ìš©ëŸ‰: NULL
2025-03-24 20:31:54,696 - data_migration_fix - INFO -   ì¼€ì–´ë‹´ì •
2025-03-24 20:31:54,696 - data_migration_fix - INFO -     - íš¨ëŠ¥íš¨ê³¼: NULL
2025-03-24 20:31:54,696 - data_migration_fix - INFO -     - ìš©ë²•ìš©ëŸ‰: NULL
2025-03-24 20:31:54,697 - data_migration_fix - INFO -   ë¸Œë Œì½œì—í”„ì—°ì§ˆìº¡ìŠ
2025-03-24 20:31:54,697 - data_migration_fix - INFO -     - íš¨ëŠ¥íš¨ê³¼: NULL
2025-03-24 20:31:54,697 - data_migration_fix - INFO -     - ìš©ë²•ìš©ëŸ‰: NULL
2025-03-24 20:31:55,331 - data_migration_fix - INFO - [32mmedicine_usage ë°ì´í„° ì¬ë§ˆì´ê·¸ë ˆì´ì…˜ ì™„ë£Œ[0m
2025-03-24 20:31:55,353 - data_migration_fix - INFO - í†µí•© í…Œì´ë¸” í†µê³„:
2025-03-24 20:31:55,354 - data_migration_fix - INFO -   ì´ í•­ëª©: 32227ê°œ
2025-03-24 20:31:55,354 - data_migration_fix - INFO -   íš¨ëŠ¥íš¨ê³¼ ìˆìŒ: 3225ê°œ (10.0%)
2025-03-24 20:31:55,354 - data_migration_fix - INFO -   ìš©ë²•ìš©ëŸ‰ ìˆìŒ: 3225ê°œ (10.0%)
2025-03-24 20:31:55,354 - data_migration_fix - INFO -   ì£¼ì˜ì‚¬í•­ ìˆìŒ: 3217ê°œ (10.0%)
2025-03-24 20:31:55,355 - data_migration_fix - INFO -   ë¶€ì‘ìš© ìˆìŒ: 3066ê°œ (9.5%)
2025-03-24 20:35:59,616 - data_migration_fix - INFO - [32mmedicine_usage í…Œì´ë¸” ë°ì´í„° ì¬ë§ˆì´ê·¸ë ˆì´ì…˜ ì‹œì‘...[0m
2025-03-24 20:35:59,623 - data_migration_fix - INFO - í…Œì´ë¸” ë°ì´í„° í†µê³„: medicines=4738, medicine_usage=4738, integrated_drug_info=32227
2025-03-24 20:35:59,638 - data_migration_fix - INFO - medicine_usageì™€ medicines ê°„ì˜ ê´€ê³„ ìˆ˜: 4738
2025-03-24 20:35:59,638 - data_migration_fix - INFO - medicine_usage ìœ íš¨ í•„ë“œ: ['medicine_id', 'efcy_qesitm', 'use_method_qesitm', 'atpn_warn_qesitm', 'atpn_qesitm', 'intrc_qesitm', 'se_qesitm', 'deposit_method_qesitm']
2025-03-24 20:35:59,838 - data_migration_fix - INFO - í†µí•© í…Œì´ë¸”ì˜ medicine_usage ê´€ë ¨ í•„ë“œ ì´ˆê¸°í™”: 3225ê°œ í–‰
2025-03-24 20:35:59,838 - data_migration_fix - INFO - medicinesì™€ integrated_drug_info ê°„ì˜ item_seq ê´€ê³„ ìƒ˜í”Œ (5ê°œ):
2025-03-24 20:35:59,839 - data_migration_fix - INFO -   medicines.id=10, item_seq=196200034, integrated_id=2355
2025-03-24 20:35:59,839 - data_migration_fix - INFO -   medicines.id=10, item_seq=196200034, integrated_id=16047
2025-03-24 20:35:59,839 - data_migration_fix - INFO -   medicines.id=15, item_seq=196500051, integrated_id=5719
2025-03-24 20:35:59,839 - data_migration_fix - INFO -   medicines.id=15, item_seq=196500051, integrated_id=16048
2025-03-24 20:35:59,840 - data_migration_fix - INFO -   medicines.id=35, item_seq=197000076, integrated_id=9979
2025-03-24 20:35:59,840 - data_migration_fix - INFO - ë™ì¼í•œ item_seqë¥¼ ê°€ì§„ ì˜ì•½í’ˆ ìƒ˜í”Œ (10ê°œ):
2025-03-24 20:35:59,840 - data_migration_fix - INFO -   integrated_id=2355, item_seq=196200034, item_name=ì‚ì½¤ì •, medicine_id=10
2025-03-24 20:35:59,841 - data_migration_fix - INFO -   integrated_id=16047, item_seq=196200034, item_name=ì‚ì½¤ì •, medicine_id=10
2025-03-24 20:35:59,841 - data_migration_fix - INFO -   integrated_id=5719, item_seq=196500051, item_name=ì§€ì—˜íƒ€ì´ë°ì •(ì¹´í˜ì¸ë¬´ìˆ˜ë¬¼), medicine_id=15
2025-03-24 20:35:59,841 - data_migration_fix - INFO -   integrated_id=16048, item_seq=196500051, item_name=ì§€ì—˜íƒ€ì´ë°ì •(ì¹´í˜ì¸ë¬´ìˆ˜ë¬¼), medicine_id=15
2025-03-24 20:35:59,841 - data_migration_fix - INFO -   integrated_id=9979, item_seq=197000076, item_name=ë³´ë‚˜ë§ì—ì´ì •(ë””ë©˜íˆë“œë¦¬ë„¤ì´íŠ¸), medicine_id=35
2025-03-24 20:35:59,841 - data_migration_fix - INFO -   integrated_id=16050, item_seq=197000076, item_name=ë³´ë‚˜ë§ì—ì´ì •(ë””ë©˜íˆë“œë¦¬ë„¤ì´íŠ¸), medicine_id=35
2025-03-24 20:35:59,841 - data_migration_fix - INFO -   integrated_id=7134, item_seq=197100015, item_name=íƒ€ì¹˜ì˜¨ì •50ë°€ë¦¬ê·¸ë¨(ê¸€ë£¨íƒ€í‹°ì˜¨(í™˜ì›í˜•)), medicine_id=4
2025-03-24 20:35:59,842 - data_migration_fix - INFO -   integrated_id=16051, item_seq=197100015, item_name=íƒ€ì¹˜ì˜¨ì •50ë°€ë¦¬ê·¸ë¨(ê¸€ë£¨íƒ€í‹°ì˜¨(í™˜ì›í˜•)), medicine_id=4
2025-03-24 20:35:59,842 - data_migration_fix - INFO -   integrated_id=8566, item_seq=197100081, item_name=í‚¤ëª¨ë„ì—ìŠ¤ì •, medicine_id=39
2025-03-24 20:35:59,842 - data_migration_fix - INFO -   integrated_id=16052, item_seq=197100081, item_name=í‚¤ëª¨ë„ì—ìŠ¤ì •, medicine_id=39
2025-03-24 20:35:59,961 - data_migration_fix - INFO - medicine_id ë§¤í•‘ ì™„ë£Œ (item_seq ê¸°ì¤€): 3225ê°œ í•­ëª©
2025-03-24 20:35:59,986 - data_migration_fix - INFO - medicine_id ë§¤í•‘ ì™„ë£Œ (item_name ê¸°ì¤€): 0ê°œ í•­ëª©
2025-03-24 20:35:59,991 - data_migration_fix - INFO - ì´ ë§¤í•‘ëœ medicine_id: 3225ê°œ
2025-03-24 20:36:00,169 - data_migration_fix - INFO - medicine_usage ë°ì´í„° ë§ˆì´ê·¸ë ˆì´ì…˜ ì™„ë£Œ: 3225ê°œ í•­ëª©
2025-03-24 20:36:00,170 - data_migration_fix - INFO - ë°ì´í„° ìƒ˜í”Œ (HTML íƒœê·¸ í¬í•¨):
2025-03-24 20:36:00,170 - data_migration_fix - INFO -   ë¡œí˜ì‹œì½˜ì¸„ì •
2025-03-24 20:36:00,170 - data_migration_fix - INFO -     - íš¨ëŠ¥íš¨ê³¼: NULL
2025-03-24 20:36:00,170 - data_migration_fix - INFO -     - ìš©ë²•ìš©ëŸ‰: NULL
2025-03-24 20:36:00,171 - data_migration_fix - INFO -   ì¼€ì–´ë‹´ì •
2025-03-24 20:36:00,171 - data_migration_fix - INFO -     - íš¨ëŠ¥íš¨ê³¼: NULL
2025-03-24 20:36:00,171 - data_migration_fix - INFO -     - ìš©ë²•ìš©ëŸ‰: NULL
2025-03-24 20:36:00,171 - data_migration_fix - INFO -   ë¸Œë Œì½œì—í”„ì—°ì§ˆìº¡ìŠ
2025-03-24 20:36:00,171 - data_migration_fix - INFO -     - íš¨ëŠ¥íš¨ê³¼: NULL
2025-03-24 20:36:00,172 - data_migration_fix - INFO -     - ìš©ë²•ìš©ëŸ‰: NULL
2025-03-24 20:36:00,622 - data_migration_fix - INFO - [32mmedicine_usage ë°ì´í„° ì¬ë§ˆì´ê·¸ë ˆì´ì…˜ ì™„ë£Œ[0m
2025-03-24 20:36:00,642 - data_migration_fix - INFO - í†µí•© í…Œì´ë¸” í†µê³„:
2025-03-24 20:36:00,642 - data_migration_fix - INFO -   ì´ í•­ëª©: 32227ê°œ
2025-03-24 20:36:00,643 - data_migration_fix - INFO -   íš¨ëŠ¥íš¨ê³¼ ìˆìŒ: 3225ê°œ (10.0%)
2025-03-24 20:36:00,643 - data_migration_fix - INFO -   ìš©ë²•ìš©ëŸ‰ ìˆìŒ: 3225ê°œ (10.0%)
2025-03-24 20:36:00,643 - data_migration_fix - INFO -   ì£¼ì˜ì‚¬í•­ ìˆìŒ: 3217ê°œ (10.0%)
2025-03-24 20:36:00,643 - data_migration_fix - INFO -   ë¶€ì‘ìš© ìˆìŒ: 3066ê°œ (9.5%)
2025-03-24 20:36:02,623 - data_migration_fix - INFO - [32mmedicine_usage í…Œì´ë¸” ë°ì´í„° ì¬ë§ˆì´ê·¸ë ˆì´ì…˜ ì‹œì‘...[0m
2025-03-24 20:36:02,630 - data_migration_fix - INFO - í…Œì´ë¸” ë°ì´í„° í†µê³„: medicines=4738, medicine_usage=4738, integrated_drug_info=32227
2025-03-24 20:36:02,644 - data_migration_fix - INFO - medicine_usageì™€ medicines ê°„ì˜ ê´€ê³„ ìˆ˜: 4738
2025-03-24 20:36:02,644 - data_migration_fix - INFO - medicine_usage ìœ íš¨ í•„ë“œ: ['medicine_id', 'efcy_qesitm', 'use_method_qesitm', 'atpn_warn_qesitm', 'atpn_qesitm', 'intrc_qesitm', 'se_qesitm', 'deposit_method_qesitm']
2025-03-24 20:36:03,195 - data_migration_fix - INFO - í†µí•© í…Œì´ë¸”ì˜ medicine_usage ê´€ë ¨ í•„ë“œ ì´ˆê¸°í™”: 3225ê°œ í–‰
2025-03-24 20:36:03,196 - data_migration_fix - INFO - medicinesì™€ integrated_drug_info ê°„ì˜ item_seq ê´€ê³„ ìƒ˜í”Œ (5ê°œ):
2025-03-24 20:36:03,196 - data_migration_fix - INFO -   medicines.id=10, item_seq=196200034, integrated_id=2355
2025-03-24 20:36:03,196 - data_migration_fix - INFO -   medicines.id=10, item_seq=196200034, integrated_id=16047
2025-03-24 20:36:03,197 - data_migration_fix - INFO -   medicines.id=15, item_seq=196500051, integrated_id=5719
2025-03-24 20:36:03,197 - data_migration_fix - INFO -   medicines.id=15, item_seq=196500051, integrated_id=16048
2025-03-24 20:36:03,197 - data_migration_fix - INFO -   medicines.id=35, item_seq=197000076, integrated_id=9979
2025-03-24 20:36:03,198 - data_migration_fix - INFO - ë™ì¼í•œ item_seqë¥¼ ê°€ì§„ ì˜ì•½í’ˆ ìƒ˜í”Œ (10ê°œ):
2025-03-24 20:36:03,198 - data_migration_fix - INFO -   integrated_id=2355, item_seq=196200034, item_name=ì‚ì½¤ì •, medicine_id=10
2025-03-24 20:36:03,198 - data_migration_fix - INFO -   integrated_id=16047, item_seq=196200034, item_name=ì‚ì½¤ì •, medicine_id=10
2025-03-24 20:36:03,198 - data_migration_fix - INFO -   integrated_id=5719, item_seq=196500051, item_name=ì§€ì—˜íƒ€ì´ë°ì •(ì¹´í˜ì¸ë¬´ìˆ˜ë¬¼), medicine_id=15
2025-03-24 20:36:03,198 - data_migration_fix - INFO -   integrated_id=16048, item_seq=196500051, item_name=ì§€ì—˜íƒ€ì´ë°ì •(ì¹´í˜ì¸ë¬´ìˆ˜ë¬¼), medicine_id=15
2025-03-24 20:36:03,198 - data_migration_fix - INFO -   integrated_id=9979, item_seq=197000076, item_name=ë³´ë‚˜ë§ì—ì´ì •(ë””ë©˜íˆë“œë¦¬ë„¤ì´íŠ¸), medicine_id=35
2025-03-24 20:36:03,199 - data_migration_fix - INFO -   integrated_id=16050, item_seq=197000076, item_name=ë³´ë‚˜ë§ì—ì´ì •(ë””ë©˜íˆë“œë¦¬ë„¤ì´íŠ¸), medicine_id=35
2025-03-24 20:36:03,199 - data_migration_fix - INFO -   integrated_id=7134, item_seq=197100015, item_name=íƒ€ì¹˜ì˜¨ì •50ë°€ë¦¬ê·¸ë¨(ê¸€ë£¨íƒ€í‹°ì˜¨(í™˜ì›í˜•)), medicine_id=4
2025-03-24 20:36:03,199 - data_migration_fix - INFO -   integrated_id=16051, item_seq=197100015, item_name=íƒ€ì¹˜ì˜¨ì •50ë°€ë¦¬ê·¸ë¨(ê¸€ë£¨íƒ€í‹°ì˜¨(í™˜ì›í˜•)), medicine_id=4
2025-03-24 20:36:03,199 - data_migration_fix - INFO -   integrated_id=8566, item_seq=197100081, item_name=í‚¤ëª¨ë„ì—ìŠ¤ì •, medicine_id=39
2025-03-24 20:36:03,199 - data_migration_fix - INFO -   integrated_id=16052, item_seq=197100081, item_name=í‚¤ëª¨ë„ì—ìŠ¤ì •, medicine_id=39
2025-03-24 20:36:03,296 - data_migration_fix - INFO - medicine_id ë§¤í•‘ ì™„ë£Œ (item_seq ê¸°ì¤€): 3225ê°œ í•­ëª©
2025-03-24 20:36:03,321 - data_migration_fix - INFO - medicine_id ë§¤í•‘ ì™„ë£Œ (item_name ê¸°ì¤€): 0ê°œ í•­ëª©
2025-03-24 20:36:03,326 - data_migration_fix - INFO - ì´ ë§¤í•‘ëœ medicine_id: 3225ê°œ
2025-03-24 20:36:03,520 - data_migration_fix - INFO - medicine_usage ë°ì´í„° ë§ˆì´ê·¸ë ˆì´ì…˜ ì™„ë£Œ: 3225ê°œ í•­ëª©
2025-03-24 20:36:03,520 - data_migration_fix - INFO - ë°ì´í„° ìƒ˜í”Œ (HTML íƒœê·¸ í¬í•¨):
2025-03-24 20:36:03,520 - data_migration_fix - INFO -   ë¡œí˜ì‹œì½˜ì¸„ì •
2025-03-24 20:36:03,521 - data_migration_fix - INFO -     - íš¨ëŠ¥íš¨ê³¼: NULL
2025-03-24 20:36:03,521 - data_migration_fix - INFO -     - ìš©ë²•ìš©ëŸ‰: NULL
2025-03-24 20:36:03,521 - data_migration_fix - INFO -   ì¼€ì–´ë‹´ì •
2025-03-24 20:36:03,522 - data_migration_fix - INFO -     - íš¨ëŠ¥íš¨ê³¼: NULL
2025-03-24 20:36:03,522 - data_migration_fix - INFO -     - ìš©ë²•ìš©ëŸ‰: NULL
2025-03-24 20:36:03,522 - data_migration_fix - INFO -   ë¸Œë Œì½œì—í”„ì—°ì§ˆìº¡ìŠ
2025-03-24 20:36:03,522 - data_migration_fix - INFO -     - íš¨ëŠ¥íš¨ê³¼: NULL
2025-03-24 20:36:03,522 - data_migration_fix - INFO -     - ìš©ë²•ìš©ëŸ‰: NULL
2025-03-24 20:36:03,961 - data_migration_fix - INFO - [32mmedicine_usage ë°ì´í„° ì¬ë§ˆì´ê·¸ë ˆì´ì…˜ ì™„ë£Œ[0m
2025-03-24 20:36:03,981 - data_migration_fix - INFO - í†µí•© í…Œì´ë¸” í†µê³„:
2025-03-24 20:36:03,981 - data_migration_fix - INFO -   ì´ í•­ëª©: 32227ê°œ
2025-03-24 20:36:03,981 - data_migration_fix - INFO -   íš¨ëŠ¥íš¨ê³¼ ìˆìŒ: 3225ê°œ (10.0%)
2025-03-24 20:36:03,982 - data_migration_fix - INFO -   ìš©ë²•ìš©ëŸ‰ ìˆìŒ: 3225ê°œ (10.0%)
2025-03-24 20:36:03,982 - data_migration_fix - INFO -   ì£¼ì˜ì‚¬í•­ ìˆìŒ: 3217ê°œ (10.0%)
2025-03-24 20:36:03,982 - data_migration_fix - INFO -   ë¶€ì‘ìš© ìˆìŒ: 3066ê°œ (9.5%)
2025-03-24 20:36:05,407 - data_migration_fix - INFO - [32mmedicine_usage í…Œì´ë¸” ë°ì´í„° ì¬ë§ˆì´ê·¸ë ˆì´ì…˜ ì‹œì‘...[0m
2025-03-24 20:36:05,414 - data_migration_fix - INFO - í…Œì´ë¸” ë°ì´í„° í†µê³„: medicines=4738, medicine_usage=4738, integrated_drug_info=32227
2025-03-24 20:36:05,428 - data_migration_fix - INFO - medicine_usageì™€ medicines ê°„ì˜ ê´€ê³„ ìˆ˜: 4738
2025-03-24 20:36:05,428 - data_migration_fix - INFO - medicine_usage ìœ íš¨ í•„ë“œ: ['medicine_id', 'efcy_qesitm', 'use_method_qesitm', 'atpn_warn_qesitm', 'atpn_qesitm', 'intrc_qesitm', 'se_qesitm', 'deposit_method_qesitm']
2025-03-24 20:36:05,611 - data_migration_fix - INFO - í†µí•© í…Œì´ë¸”ì˜ medicine_usage ê´€ë ¨ í•„ë“œ ì´ˆê¸°í™”: 3225ê°œ í–‰
2025-03-24 20:36:05,612 - data_migration_fix - INFO - medicinesì™€ integrated_drug_info ê°„ì˜ item_seq ê´€ê³„ ìƒ˜í”Œ (5ê°œ):
2025-03-24 20:36:05,612 - data_migration_fix - INFO -   medicines.id=10, item_seq=196200034, integrated_id=2355
2025-03-24 20:36:05,613 - data_migration_fix - INFO -   medicines.id=10, item_seq=196200034, integrated_id=16047
2025-03-24 20:36:05,613 - data_migration_fix - INFO -   medicines.id=15, item_seq=196500051, integrated_id=5719
2025-03-24 20:36:05,613 - data_migration_fix - INFO -   medicines.id=15, item_seq=196500051, integrated_id=16048
2025-03-24 20:36:05,613 - data_migration_fix - INFO -   medicines.id=35, item_seq=197000076, integrated_id=9979
2025-03-24 20:36:05,614 - data_migration_fix - INFO - ë™ì¼í•œ item_seqë¥¼ ê°€ì§„ ì˜ì•½í’ˆ ìƒ˜í”Œ (10ê°œ):
2025-03-24 20:36:05,614 - data_migration_fix - INFO -   integrated_id=2355, item_seq=196200034, item_name=ì‚ì½¤ì •, medicine_id=10
2025-03-24 20:36:05,614 - data_migration_fix - INFO -   integrated_id=16047, item_seq=196200034, item_name=ì‚ì½¤ì •, medicine_id=10
2025-03-24 20:36:05,615 - data_migration_fix - INFO -   integrated_id=5719, item_seq=196500051, item_name=ì§€ì—˜íƒ€ì´ë°ì •(ì¹´í˜ì¸ë¬´ìˆ˜ë¬¼), medicine_id=15
2025-03-24 20:36:05,615 - data_migration_fix - INFO -   integrated_id=16048, item_seq=196500051, item_name=ì§€ì—˜íƒ€ì´ë°ì •(ì¹´í˜ì¸ë¬´ìˆ˜ë¬¼), medicine_id=15
2025-03-24 20:36:05,615 - data_migration_fix - INFO -   integrated_id=9979, item_seq=197000076, item_name=ë³´ë‚˜ë§ì—ì´ì •(ë””ë©˜íˆë“œë¦¬ë„¤ì´íŠ¸), medicine_id=35
2025-03-24 20:36:05,615 - data_migration_fix - INFO -   integrated_id=16050, item_seq=197000076, item_name=ë³´ë‚˜ë§ì—ì´ì •(ë””ë©˜íˆë“œë¦¬ë„¤ì´íŠ¸), medicine_id=35
2025-03-24 20:36:05,615 - data_migration_fix - INFO -   integrated_id=7134, item_seq=197100015, item_name=íƒ€ì¹˜ì˜¨ì •50ë°€ë¦¬ê·¸ë¨(ê¸€ë£¨íƒ€í‹°ì˜¨(í™˜ì›í˜•)), medicine_id=4
2025-03-24 20:36:05,615 - data_migration_fix - INFO -   integrated_id=16051, item_seq=197100015, item_name=íƒ€ì¹˜ì˜¨ì •50ë°€ë¦¬ê·¸ë¨(ê¸€ë£¨íƒ€í‹°ì˜¨(í™˜ì›í˜•)), medicine_id=4
2025-03-24 20:36:05,616 - data_migration_fix - INFO -   integrated_id=8566, item_seq=197100081, item_name=í‚¤ëª¨ë„ì—ìŠ¤ì •, medicine_id=39
2025-03-24 20:36:05,616 - data_migration_fix - INFO -   integrated_id=16052, item_seq=197100081, item_name=í‚¤ëª¨ë„ì—ìŠ¤ì •, medicine_id=39
2025-03-24 20:36:05,711 - data_migration_fix - INFO - medicine_id ë§¤í•‘ ì™„ë£Œ (item_seq ê¸°ì¤€): 3225ê°œ í•­ëª©
2025-03-24 20:36:05,736 - data_migration_fix - INFO - medicine_id ë§¤í•‘ ì™„ë£Œ (item_name ê¸°ì¤€): 0ê°œ í•­ëª©
2025-03-24 20:36:05,743 - data_migration_fix - INFO - ì´ ë§¤í•‘ëœ medicine_id: 3225ê°œ
2025-03-24 20:36:06,057 - data_migration_fix - INFO - medicine_usage ë°ì´í„° ë§ˆì´ê·¸ë ˆì´ì…˜ ì™„ë£Œ: 3225ê°œ í•­ëª©
2025-03-24 20:36:06,058 - data_migration_fix - INFO - ë°ì´í„° ìƒ˜í”Œ (HTML íƒœê·¸ í¬í•¨):
2025-03-24 20:36:06,058 - data_migration_fix - INFO -   ë¡œí˜ì‹œì½˜ì¸„ì •
2025-03-24 20:36:06,058 - data_migration_fix - INFO -     - íš¨ëŠ¥íš¨ê³¼: NULL
2025-03-24 20:36:06,058 - data_migration_fix - INFO -     - ìš©ë²•ìš©ëŸ‰: NULL
2025-03-24 20:36:06,059 - data_migration_fix - INFO -   ì¼€ì–´ë‹´ì •
2025-03-24 20:36:06,059 - data_migration_fix - INFO -     - íš¨ëŠ¥íš¨ê³¼: NULL
2025-03-24 20:36:06,059 - data_migration_fix - INFO -     - ìš©ë²•ìš©ëŸ‰: NULL
2025-03-24 20:36:06,059 - data_migration_fix - INFO -   ë¸Œë Œì½œì—í”„ì—°ì§ˆìº¡ìŠ
2025-03-24 20:36:06,059 - data_migration_fix - INFO -     - íš¨ëŠ¥íš¨ê³¼: NULL
2025-03-24 20:36:06,059 - data_migration_fix - INFO -     - ìš©ë²•ìš©ëŸ‰: NULL
2025-03-24 20:36:06,544 - data_migration_fix - INFO - [32mmedicine_usage ë°ì´í„° ì¬ë§ˆì´ê·¸ë ˆì´ì…˜ ì™„ë£Œ[0m
2025-03-24 20:36:06,565 - data_migration_fix - INFO - í†µí•© í…Œì´ë¸” í†µê³„:
2025-03-24 20:36:06,565 - data_migration_fix - INFO -   ì´ í•­ëª©: 32227ê°œ
2025-03-24 20:36:06,565 - data_migration_fix - INFO -   íš¨ëŠ¥íš¨ê³¼ ìˆìŒ: 3225ê°œ (10.0%)
2025-03-24 20:36:06,566 - data_migration_fix - INFO -   ìš©ë²•ìš©ëŸ‰ ìˆìŒ: 3225ê°œ (10.0%)
2025-03-24 20:36:06,566 - data_migration_fix - INFO -   ì£¼ì˜ì‚¬í•­ ìˆìŒ: 3217ê°œ (10.0%)
2025-03-24 20:36:06,566 - data_migration_fix - INFO -   ë¶€ì‘ìš© ìˆìŒ: 3066ê°œ (9.5%)
2025-03-24 20:36:08,212 - data_migration_fix - INFO - [32mmedicine_usage í…Œì´ë¸” ë°ì´í„° ì¬ë§ˆì´ê·¸ë ˆì´ì…˜ ì‹œì‘...[0m
2025-03-24 20:36:08,219 - data_migration_fix - INFO - í…Œì´ë¸” ë°ì´í„° í†µê³„: medicines=4738, medicine_usage=4738, integrated_drug_info=32227
2025-03-24 20:36:08,232 - data_migration_fix - INFO - medicine_usageì™€ medicines ê°„ì˜ ê´€ê³„ ìˆ˜: 4738
2025-03-24 20:36:08,232 - data_migration_fix - INFO - medicine_usage ìœ íš¨ í•„ë“œ: ['medicine_id', 'efcy_qesitm', 'use_method_qesitm', 'atpn_warn_qesitm', 'atpn_qesitm', 'intrc_qesitm', 'se_qesitm', 'deposit_method_qesitm']
2025-03-24 20:36:08,415 - data_migration_fix - INFO - í†µí•© í…Œì´ë¸”ì˜ medicine_usage ê´€ë ¨ í•„ë“œ ì´ˆê¸°í™”: 3225ê°œ í–‰
2025-03-24 20:36:08,415 - data_migration_fix - INFO - medicinesì™€ integrated_drug_info ê°„ì˜ item_seq ê´€ê³„ ìƒ˜í”Œ (5ê°œ):
2025-03-24 20:36:08,416 - data_migration_fix - INFO -   medicines.id=10, item_seq=196200034, integrated_id=2355
2025-03-24 20:36:08,416 - data_migration_fix - INFO -   medicines.id=10, item_seq=196200034, integrated_id=16047
2025-03-24 20:36:08,416 - data_migration_fix - INFO -   medicines.id=15, item_seq=196500051, integrated_id=5719
2025-03-24 20:36:08,416 - data_migration_fix - INFO -   medicines.id=15, item_seq=196500051, integrated_id=16048
2025-03-24 20:36:08,417 - data_migration_fix - INFO -   medicines.id=35, item_seq=197000076, integrated_id=9979
2025-03-24 20:36:08,417 - data_migration_fix - INFO - ë™ì¼í•œ item_seqë¥¼ ê°€ì§„ ì˜ì•½í’ˆ ìƒ˜í”Œ (10ê°œ):
2025-03-24 20:36:08,418 - data_migration_fix - INFO -   integrated_id=2355, item_seq=196200034, item_name=ì‚ì½¤ì •, medicine_id=10
2025-03-24 20:36:08,418 - data_migration_fix - INFO -   integrated_id=16047, item_seq=196200034, item_name=ì‚ì½¤ì •, medicine_id=10
2025-03-24 20:36:08,418 - data_migration_fix - INFO -   integrated_id=5719, item_seq=196500051, item_name=ì§€ì—˜íƒ€ì´ë°ì •(ì¹´í˜ì¸ë¬´ìˆ˜ë¬¼), medicine_id=15
2025-03-24 20:36:08,418 - data_migration_fix - INFO -   integrated_id=16048, item_seq=196500051, item_name=ì§€ì—˜íƒ€ì´ë°ì •(ì¹´í˜ì¸ë¬´ìˆ˜ë¬¼), medicine_id=15
2025-03-24 20:36:08,418 - data_migration_fix - INFO -   integrated_id=9979, item_seq=197000076, item_name=ë³´ë‚˜ë§ì—ì´ì •(ë””ë©˜íˆë“œë¦¬ë„¤ì´íŠ¸), medicine_id=35
2025-03-24 20:36:08,419 - data_migration_fix - INFO -   integrated_id=16050, item_seq=197000076, item_name=ë³´ë‚˜ë§ì—ì´ì •(ë””ë©˜íˆë“œë¦¬ë„¤ì´íŠ¸), medicine_id=35
2025-03-24 20:36:08,419 - data_migration_fix - INFO -   integrated_id=7134, item_seq=197100015, item_name=íƒ€ì¹˜ì˜¨ì •50ë°€ë¦¬ê·¸ë¨(ê¸€ë£¨íƒ€í‹°ì˜¨(í™˜ì›í˜•)), medicine_id=4
2025-03-24 20:36:08,419 - data_migration_fix - INFO -   integrated_id=16051, item_seq=197100015, item_name=íƒ€ì¹˜ì˜¨ì •50ë°€ë¦¬ê·¸ë¨(ê¸€ë£¨íƒ€í‹°ì˜¨(í™˜ì›í˜•)), medicine_id=4
2025-03-24 20:36:08,419 - data_migration_fix - INFO -   integrated_id=8566, item_seq=197100081, item_name=í‚¤ëª¨ë„ì—ìŠ¤ì •, medicine_id=39
2025-03-24 20:36:08,419 - data_migration_fix - INFO -   integrated_id=16052, item_seq=197100081, item_name=í‚¤ëª¨ë„ì—ìŠ¤ì •, medicine_id=39
2025-03-24 20:36:08,511 - data_migration_fix - INFO - medicine_id ë§¤í•‘ ì™„ë£Œ (item_seq ê¸°ì¤€): 3225ê°œ í•­ëª©
2025-03-24 20:36:08,537 - data_migration_fix - INFO - medicine_id ë§¤í•‘ ì™„ë£Œ (item_name ê¸°ì¤€): 0ê°œ í•­ëª©
2025-03-24 20:36:08,541 - data_migration_fix - INFO - ì´ ë§¤í•‘ëœ medicine_id: 3225ê°œ
2025-03-24 20:36:08,842 - data_migration_fix - INFO - medicine_usage ë°ì´í„° ë§ˆì´ê·¸ë ˆì´ì…˜ ì™„ë£Œ: 3225ê°œ í•­ëª©
2025-03-24 20:36:08,843 - data_migration_fix - INFO - ë°ì´í„° ìƒ˜í”Œ (HTML íƒœê·¸ í¬í•¨):
2025-03-24 20:36:08,843 - data_migration_fix - INFO -   ë¡œí˜ì‹œì½˜ì¸„ì •
2025-03-24 20:36:08,844 - data_migration_fix - INFO -     - íš¨ëŠ¥íš¨ê³¼: NULL
2025-03-24 20:36:08,844 - data_migration_fix - INFO -     - ìš©ë²•ìš©ëŸ‰: NULL
2025-03-24 20:36:08,844 - data_migration_fix - INFO -   ì¼€ì–´ë‹´ì •
2025-03-24 20:36:08,844 - data_migration_fix - INFO -     - íš¨ëŠ¥íš¨ê³¼: NULL
2025-03-24 20:36:08,845 - data_migration_fix - INFO -     - ìš©ë²•ìš©ëŸ‰: NULL
2025-03-24 20:36:08,845 - data_migration_fix - INFO -   ë¸Œë Œì½œì—í”„ì—°ì§ˆìº¡ìŠ
2025-03-24 20:36:08,845 - data_migration_fix - INFO -     - íš¨ëŠ¥íš¨ê³¼: NULL
2025-03-24 20:36:08,845 - data_migration_fix - INFO -     - ìš©ë²•ìš©ëŸ‰: NULL
2025-03-24 20:36:09,300 - data_migration_fix - INFO - [32mmedicine_usage ë°ì´í„° ì¬ë§ˆì´ê·¸ë ˆì´ì…˜ ì™„ë£Œ[0m
2025-03-24 20:36:09,320 - data_migration_fix - INFO - í†µí•© í…Œì´ë¸” í†µê³„:
2025-03-24 20:36:09,321 - data_migration_fix - INFO -   ì´ í•­ëª©: 32227ê°œ
2025-03-24 20:36:09,321 - data_migration_fix - INFO -   íš¨ëŠ¥íš¨ê³¼ ìˆìŒ: 3225ê°œ (10.0%)
2025-03-24 20:36:09,321 - data_migration_fix - INFO -   ìš©ë²•ìš©ëŸ‰ ìˆìŒ: 3225ê°œ (10.0%)
2025-03-24 20:36:09,321 - data_migration_fix - INFO -   ì£¼ì˜ì‚¬í•­ ìˆìŒ: 3217ê°œ (10.0%)
2025-03-24 20:36:09,321 - data_migration_fix - INFO -   ë¶€ì‘ìš© ìˆìŒ: 3066ê°œ (9.5%)
2025-03-24 20:39:14,742 - data_migration_fix - INFO - [32mì£¼ì˜ì‚¬í•­ ë°ì´í„° ì¤‘ì‹¬ ë§ˆì´ê·¸ë ˆì´ì…˜ ì‹œì‘...[0m
2025-03-24 20:39:14,749 - data_migration_fix - INFO - medicine_usage í…Œì´ë¸” ë°ì´í„° í†µê³„:
2025-03-24 20:39:14,749 - data_migration_fix - INFO -   ì´ í•­ëª©: 4738ê°œ
2025-03-24 20:39:14,750 - data_migration_fix - INFO -   íš¨ëŠ¥íš¨ê³¼ ìˆìŒ: 0ê°œ (0.0% ìˆìŒ)
2025-03-24 20:39:14,750 - data_migration_fix - INFO -   ìš©ë²•ìš©ëŸ‰ ìˆìŒ: 0ê°œ (0.0% ìˆìŒ)
2025-03-24 20:39:14,750 - data_migration_fix - INFO -   ì£¼ì˜ì‚¬í•­ ìˆìŒ: 4292ê°œ (90.6% ìˆìŒ)
2025-03-24 20:39:14,750 - data_migration_fix - INFO -   ê²½ê³  ìˆìŒ: 824ê°œ (17.4% ìˆìŒ)
2025-03-24 20:39:14,751 - data_migration_fix - INFO -   ìƒí˜¸ì‘ìš© ìˆìŒ: 2833ê°œ (59.8% ìˆìŒ)
2025-03-24 20:39:14,751 - data_migration_fix - INFO -   ë¶€ì‘ìš© ìˆìŒ: 4080ê°œ (86.1% ìˆìŒ)
2025-03-24 20:39:14,751 - data_migration_fix - INFO -   ë³´ê´€ë²• ìˆìŒ: 4286ê°œ (90.5% ìˆìŒ)
2025-03-24 20:39:14,752 - data_migration_fix - INFO - í†µí•© í…Œì´ë¸” ì¤‘ë³µ í•­ëª© ìƒ˜í”Œ (10ê°œ):
2025-03-24 20:39:14,752 - data_migration_fix - INFO -   item_seq=196200034, ì¤‘ë³µ ìˆ˜=2
2025-03-24 20:39:14,752 - data_migration_fix - INFO -   item_seq=196500051, ì¤‘ë³µ ìˆ˜=2
2025-03-24 20:39:14,752 - data_migration_fix - INFO -   item_seq=197000005, ì¤‘ë³µ ìˆ˜=2
2025-03-24 20:39:14,752 - data_migration_fix - INFO -   item_seq=197000076, ì¤‘ë³µ ìˆ˜=2
2025-03-24 20:39:14,752 - data_migration_fix - INFO -   item_seq=197100015, ì¤‘ë³µ ìˆ˜=2
2025-03-24 20:39:14,753 - data_migration_fix - INFO -   item_seq=197100081, ì¤‘ë³µ ìˆ˜=2
2025-03-24 20:39:14,753 - data_migration_fix - INFO -   item_seq=197200084, ì¤‘ë³µ ìˆ˜=2
2025-03-24 20:39:14,753 - data_migration_fix - INFO -   item_seq=197200376, ì¤‘ë³µ ìˆ˜=2
2025-03-24 20:39:14,753 - data_migration_fix - INFO -   item_seq=197300128, ì¤‘ë³µ ìˆ˜=2
2025-03-24 20:39:14,754 - data_migration_fix - INFO -   item_seq=197300172, ì¤‘ë³µ ìˆ˜=2
2025-03-24 20:39:14,776 - data_migration_fix - INFO - medicine_id ë§¤í•‘ (item_seq ê¸°ì¤€): 0ê°œ í•­ëª©
2025-03-24 20:39:14,801 - data_migration_fix - INFO - atpn_qesitm ë°ì´í„° ë§ˆì´ê·¸ë ˆì´ì…˜: 0ê°œ í•­ëª©
2025-03-24 20:39:14,827 - data_migration_fix - INFO - atpn_warn_qesitm ë°ì´í„° ë§ˆì´ê·¸ë ˆì´ì…˜: 0ê°œ í•­ëª©
2025-03-24 20:39:14,862 - data_migration_fix - INFO - intrc_qesitm ë°ì´í„° ë§ˆì´ê·¸ë ˆì´ì…˜: 0ê°œ í•­ëª©
2025-03-24 20:39:14,889 - data_migration_fix - INFO - se_qesitm ë°ì´í„° ë§ˆì´ê·¸ë ˆì´ì…˜: 0ê°œ í•­ëª©
2025-03-24 20:39:14,917 - data_migration_fix - INFO - deposit_method_qesitm ë°ì´í„° ë§ˆì´ê·¸ë ˆì´ì…˜: 0ê°œ í•­ëª©
2025-03-24 20:39:14,934 - data_migration_fix - INFO - ì£¼ì˜ì‚¬í•­ ë°ì´í„° ì˜ˆì‹œ:
2025-03-24 20:39:14,935 - data_migration_fix - INFO -   id=20780, item_name=ë³´ë‹ˆíƒ€ì •, ì£¼ì˜ì‚¬í•­ ê¸¸ì´=2362
2025-03-24 20:39:14,935 - data_migration_fix - INFO -   id=21833, item_name=ì„ìŠ¤ì½˜ë¯¸ë‹ˆì •, ì£¼ì˜ì‚¬í•­ ê¸¸ì´=2362
2025-03-24 20:39:14,935 - data_migration_fix - INFO -   id=3281, item_name=ì„ìŠ¤ì½˜ë¯¸ë‹ˆì •, ì£¼ì˜ì‚¬í•­ ê¸¸ì´=2362
2025-03-24 20:39:14,935 - data_migration_fix - INFO -   id=3545, item_name=ë³´ë‹ˆíƒ€ì •, ì£¼ì˜ì‚¬í•­ ê¸¸ì´=2362
2025-03-24 20:39:14,936 - data_migration_fix - INFO -   id=1440, item_name=ë¼ë‹ˆì•„ì •, ì£¼ì˜ì‚¬í•­ ê¸¸ì´=2356
2025-03-24 20:39:14,963 - data_migration_fix - INFO - [32më§ˆì´ê·¸ë ˆì´ì…˜ ì™„ë£Œ. ìµœì¢… í†µê³„:[0m
2025-03-24 20:39:14,964 - data_migration_fix - INFO -   ì´ í•­ëª©: 32227ê°œ
2025-03-24 20:39:14,964 - data_migration_fix - INFO -   medicine_id ë§¤í•‘ë¨: 3225ê°œ (10.0%)
2025-03-24 20:39:14,964 - data_migration_fix - INFO -   ì£¼ì˜ì‚¬í•­ ìˆìŒ: 3197ê°œ (9.9%)
2025-03-24 20:39:14,965 - data_migration_fix - INFO -   ê²½ê³  ìˆìŒ: 818ê°œ (2.5%)
2025-03-24 20:39:14,965 - data_migration_fix - INFO -   ìƒí˜¸ì‘ìš© ìˆìŒ: 2858ê°œ (8.9%)
2025-03-24 20:39:14,965 - data_migration_fix - INFO -   ë¶€ì‘ìš© ìˆìŒ: 3046ê°œ (9.5%)
2025-03-24 20:39:14,965 - data_migration_fix - INFO -   ë³´ê´€ë²• ìˆìŒ: 3203ê°œ (9.9%)
