2025-03-24 20:23:59,739 - data_migration - INFO - [36m약품 데이터 통합 마이그레이션 시작[0m
2025-03-24 20:23:59,745 - data_migration - INFO - [32m통합 테이블 생성 시작...[0m
2025-03-24 20:23:59,746 - data_migration - INFO - [34m통합 테이블 생성 완료[0m
2025-03-24 20:23:59,759 - data_migration - INFO - [32m데이터 마이그레이션 시작...[0m
2025-03-24 20:23:59,762 - data_migration - INFO - 약품 낱알식별 정보: 13461개 항목
2025-03-24 20:23:59,763 - data_migration - INFO - 약품 성분약효 정보: 0개 항목
2025-03-24 20:23:59,763 - data_migration - INFO - 약품 성분별 최대투여량 정보: 2720개 항목
2025-03-24 20:23:59,916 - data_migration - INFO - 통합 테이블 초기화 완료
2025-03-24 20:24:00,023 - data_migration - INFO - [34m데이터 마이그레이션 진행 중: 100개 항목 처리[0m
2025-03-24 20:24:00,112 - data_migration - INFO - [34m데이터 마이그레이션 진행 중: 200개 항목 처리[0m
2025-03-24 20:24:00,227 - data_migration - INFO - [34m데이터 마이그레이션 진행 중: 300개 항목 처리[0m
2025-03-24 20:24:00,311 - data_migration - INFO - [34m데이터 마이그레이션 진행 중: 400개 항목 처리[0m
2025-03-24 20:24:00,398 - data_migration - INFO - [34m데이터 마이그레이션 진행 중: 500개 항목 처리[0m
2025-03-24 20:24:00,483 - data_migration - INFO - [34m데이터 마이그레이션 진행 중: 600개 항목 처리[0m
2025-03-24 20:24:00,575 - data_migration - INFO - [34m데이터 마이그레이션 진행 중: 700개 항목 처리[0m
2025-03-24 20:24:00,662 - data_migration - INFO - [34m데이터 마이그레이션 진행 중: 800개 항목 처리[0m
2025-03-24 20:24:00,750 - data_migration - INFO - [34m데이터 마이그레이션 진행 중: 900개 항목 처리[0m
2025-03-24 20:24:00,846 - data_migration - INFO - [34m데이터 마이그레이션 진행 중: 1000개 항목 처리[0m
2025-03-24 20:24:00,962 - data_migration - INFO - [34m데이터 마이그레이션 진행 중: 1100개 항목 처리[0m
2025-03-24 20:24:01,066 - data_migration - INFO - [34m데이터 마이그레이션 진행 중: 1200개 항목 처리[0m
2025-03-24 20:24:01,148 - data_migration - INFO - [34m데이터 마이그레이션 진행 중: 1300개 항목 처리[0m
2025-03-24 20:24:01,221 - data_migration - INFO - [34m데이터 마이그레이션 진행 중: 1400개 항목 처리[0m
2025-03-24 20:24:01,295 - data_migration - INFO - [34m데이터 마이그레이션 진행 중: 1500개 항목 처리[0m
2025-03-24 20:24:01,371 - data_migration - INFO - [34m데이터 마이그레이션 진행 중: 1600개 항목 처리[0m
2025-03-24 20:24:01,445 - data_migration - INFO - [34m데이터 마이그레이션 진행 중: 1700개 항목 처리[0m
2025-03-24 20:24:01,518 - data_migration - INFO - [34m데이터 마이그레이션 진행 중: 1800개 항목 처리[0m
2025-03-24 20:24:01,592 - data_migration - INFO - [34m데이터 마이그레이션 진행 중: 1900개 항목 처리[0m
2025-03-24 20:24:01,667 - data_migration - INFO - [34m데이터 마이그레이션 진행 중: 2000개 항목 처리[0m
2025-03-24 20:24:01,769 - data_migration - INFO - [34m데이터 마이그레이션 진행 중: 2100개 항목 처리[0m
2025-03-24 20:24:01,844 - data_migration - INFO - [34m데이터 마이그레이션 진행 중: 2200개 항목 처리[0m
2025-03-24 20:24:01,918 - data_migration - INFO - [34m데이터 마이그레이션 진행 중: 2300개 항목 처리[0m
2025-03-24 20:24:01,992 - data_migration - INFO - [34m데이터 마이그레이션 진행 중: 2400개 항목 처리[0m
2025-03-24 20:24:02,067 - data_migration - INFO - [34m데이터 마이그레이션 진행 중: 2500개 항목 처리[0m
2025-03-24 20:24:02,141 - data_migration - INFO - [34m데이터 마이그레이션 진행 중: 2600개 항목 처리[0m
2025-03-24 20:24:02,215 - data_migration - INFO - [34m데이터 마이그레이션 진행 중: 2700개 항목 처리[0m
2025-03-24 20:24:02,288 - data_migration - INFO - [34m데이터 마이그레이션 진행 중: 2800개 항목 처리[0m
2025-03-24 20:24:02,363 - data_migration - INFO - [34m데이터 마이그레이션 진행 중: 2900개 항목 처리[0m
2025-03-24 20:24:02,437 - data_migration - INFO - [34m데이터 마이그레이션 진행 중: 3000개 항목 처리[0m
2025-03-24 20:24:02,539 - data_migration - INFO - [34m데이터 마이그레이션 진행 중: 3100개 항목 처리[0m
2025-03-24 20:24:02,613 - data_migration - INFO - [34m데이터 마이그레이션 진행 중: 3200개 항목 처리[0m
2025-03-24 20:24:02,686 - data_migration - INFO - [34m데이터 마이그레이션 진행 중: 3300개 항목 처리[0m
2025-03-24 20:24:02,759 - data_migration - INFO - [34m데이터 마이그레이션 진행 중: 3400개 항목 처리[0m
2025-03-24 20:24:02,834 - data_migration - INFO - [34m데이터 마이그레이션 진행 중: 3500개 항목 처리[0m
2025-03-24 20:24:02,910 - data_migration - INFO - [34m데이터 마이그레이션 진행 중: 3600개 항목 처리[0m
2025-03-24 20:24:02,999 - data_migration - INFO - [34m데이터 마이그레이션 진행 중: 3700개 항목 처리[0m
2025-03-24 20:24:03,078 - data_migration - INFO - [34m데이터 마이그레이션 진행 중: 3800개 항목 처리[0m
2025-03-24 20:24:03,155 - data_migration - INFO - [34m데이터 마이그레이션 진행 중: 3900개 항목 처리[0m
2025-03-24 20:24:03,240 - data_migration - INFO - [34m데이터 마이그레이션 진행 중: 4000개 항목 처리[0m
2025-03-24 20:24:03,368 - data_migration - INFO - [34m데이터 마이그레이션 진행 중: 4100개 항목 처리[0m
2025-03-24 20:24:03,465 - data_migration - INFO - [34m데이터 마이그레이션 진행 중: 4200개 항목 처리[0m
2025-03-24 20:24:03,560 - data_migration - INFO - [34m데이터 마이그레이션 진행 중: 4300개 항목 처리[0m
2025-03-24 20:24:03,656 - data_migration - INFO - [34m데이터 마이그레이션 진행 중: 4400개 항목 처리[0m
2025-03-24 20:24:03,747 - data_migration - INFO - [34m데이터 마이그레이션 진행 중: 4500개 항목 처리[0m
2025-03-24 20:24:03,881 - data_migration - INFO - [34m데이터 마이그레이션 진행 중: 4600개 항목 처리[0m
2025-03-24 20:24:03,968 - data_migration - INFO - [34m데이터 마이그레이션 진행 중: 4700개 항목 처리[0m
2025-03-24 20:24:04,045 - data_migration - INFO - [34m데이터 마이그레이션 진행 중: 4800개 항목 처리[0m
2025-03-24 20:24:04,119 - data_migration - INFO - [34m데이터 마이그레이션 진행 중: 4900개 항목 처리[0m
2025-03-24 20:24:04,193 - data_migration - INFO - [34m데이터 마이그레이션 진행 중: 5000개 항목 처리[0m
2025-03-24 20:24:04,298 - data_migration - INFO - [34m데이터 마이그레이션 진행 중: 5100개 항목 처리[0m
2025-03-24 20:24:04,376 - data_migration - INFO - [34m데이터 마이그레이션 진행 중: 5200개 항목 처리[0m
2025-03-24 20:24:04,459 - data_migration - INFO - [34m데이터 마이그레이션 진행 중: 5300개 항목 처리[0m
2025-03-24 20:24:04,550 - data_migration - INFO - [34m데이터 마이그레이션 진행 중: 5400개 항목 처리[0m
2025-03-24 20:24:04,636 - data_migration - INFO - [34m데이터 마이그레이션 진행 중: 5500개 항목 처리[0m
2025-03-24 20:24:04,710 - data_migration - INFO - [34m데이터 마이그레이션 진행 중: 5600개 항목 처리[0m
2025-03-24 20:24:04,783 - data_migration - INFO - [34m데이터 마이그레이션 진행 중: 5700개 항목 처리[0m
2025-03-24 20:24:04,870 - data_migration - INFO - [34m데이터 마이그레이션 진행 중: 5800개 항목 처리[0m
2025-03-24 20:24:04,944 - data_migration - INFO - [34m데이터 마이그레이션 진행 중: 5900개 항목 처리[0m
2025-03-24 20:24:05,019 - data_migration - INFO - [34m데이터 마이그레이션 진행 중: 6000개 항목 처리[0m
2025-03-24 20:24:05,129 - data_migration - INFO - [34m데이터 마이그레이션 진행 중: 6100개 항목 처리[0m
2025-03-24 20:24:05,225 - data_migration - INFO - [34m데이터 마이그레이션 진행 중: 6200개 항목 처리[0m
2025-03-24 20:24:05,317 - data_migration - INFO - [34m데이터 마이그레이션 진행 중: 6300개 항목 처리[0m
2025-03-24 20:24:05,400 - data_migration - INFO - [34m데이터 마이그레이션 진행 중: 6400개 항목 처리[0m
2025-03-24 20:24:05,474 - data_migration - INFO - [34m데이터 마이그레이션 진행 중: 6500개 항목 처리[0m
2025-03-24 20:24:05,547 - data_migration - INFO - [34m데이터 마이그레이션 진행 중: 6600개 항목 처리[0m
2025-03-24 20:24:05,621 - data_migration - INFO - [34m데이터 마이그레이션 진행 중: 6700개 항목 처리[0m
2025-03-24 20:24:05,695 - data_migration - INFO - [34m데이터 마이그레이션 진행 중: 6800개 항목 처리[0m
2025-03-24 20:24:05,769 - data_migration - INFO - [34m데이터 마이그레이션 진행 중: 6900개 항목 처리[0m
2025-03-24 20:24:05,843 - data_migration - INFO - [34m데이터 마이그레이션 진행 중: 7000개 항목 처리[0m
2025-03-24 20:24:05,943 - data_migration - INFO - [34m데이터 마이그레이션 진행 중: 7100개 항목 처리[0m
2025-03-24 20:24:06,016 - data_migration - INFO - [34m데이터 마이그레이션 진행 중: 7200개 항목 처리[0m
2025-03-24 20:24:06,092 - data_migration - INFO - [34m데이터 마이그레이션 진행 중: 7300개 항목 처리[0m
2025-03-24 20:24:06,167 - data_migration - INFO - [34m데이터 마이그레이션 진행 중: 7400개 항목 처리[0m
2025-03-24 20:24:06,287 - data_migration - INFO - [34m데이터 마이그레이션 진행 중: 7500개 항목 처리[0m
2025-03-24 20:24:06,377 - data_migration - INFO - [34m데이터 마이그레이션 진행 중: 7600개 항목 처리[0m
2025-03-24 20:24:06,452 - data_migration - INFO - [34m데이터 마이그레이션 진행 중: 7700개 항목 처리[0m
2025-03-24 20:24:06,526 - data_migration - INFO - [34m데이터 마이그레이션 진행 중: 7800개 항목 처리[0m
2025-03-24 20:24:06,599 - data_migration - INFO - [34m데이터 마이그레이션 진행 중: 7900개 항목 처리[0m
2025-03-24 20:24:06,673 - data_migration - INFO - [34m데이터 마이그레이션 진행 중: 8000개 항목 처리[0m
2025-03-24 20:24:06,777 - data_migration - INFO - [34m데이터 마이그레이션 진행 중: 8100개 항목 처리[0m
2025-03-24 20:24:06,850 - data_migration - INFO - [34m데이터 마이그레이션 진행 중: 8200개 항목 처리[0m
2025-03-24 20:24:06,938 - data_migration - INFO - [34m데이터 마이그레이션 진행 중: 8300개 항목 처리[0m
2025-03-24 20:24:07,013 - data_migration - INFO - [34m데이터 마이그레이션 진행 중: 8400개 항목 처리[0m
2025-03-24 20:24:07,087 - data_migration - INFO - [34m데이터 마이그레이션 진행 중: 8500개 항목 처리[0m
2025-03-24 20:24:07,161 - data_migration - INFO - [34m데이터 마이그레이션 진행 중: 8600개 항목 처리[0m
2025-03-24 20:24:07,235 - data_migration - INFO - [34m데이터 마이그레이션 진행 중: 8700개 항목 처리[0m
2025-03-24 20:24:07,314 - data_migration - INFO - [34m데이터 마이그레이션 진행 중: 8800개 항목 처리[0m
2025-03-24 20:24:07,398 - data_migration - INFO - [34m데이터 마이그레이션 진행 중: 8900개 항목 처리[0m
2025-03-24 20:24:07,476 - data_migration - INFO - [34m데이터 마이그레이션 진행 중: 9000개 항목 처리[0m
2025-03-24 20:24:07,585 - data_migration - INFO - [34m데이터 마이그레이션 진행 중: 9100개 항목 처리[0m
2025-03-24 20:24:07,666 - data_migration - INFO - [34m데이터 마이그레이션 진행 중: 9200개 항목 처리[0m
2025-03-24 20:24:07,747 - data_migration - INFO - [34m데이터 마이그레이션 진행 중: 9300개 항목 처리[0m
2025-03-24 20:24:07,827 - data_migration - INFO - [34m데이터 마이그레이션 진행 중: 9400개 항목 처리[0m
2025-03-24 20:24:07,903 - data_migration - INFO - [34m데이터 마이그레이션 진행 중: 9500개 항목 처리[0m
2025-03-24 20:24:07,976 - data_migration - INFO - [34m데이터 마이그레이션 진행 중: 9600개 항목 처리[0m
2025-03-24 20:24:08,050 - data_migration - INFO - [34m데이터 마이그레이션 진행 중: 9700개 항목 처리[0m
2025-03-24 20:24:08,131 - data_migration - INFO - [34m데이터 마이그레이션 진행 중: 9800개 항목 처리[0m
2025-03-24 20:24:08,205 - data_migration - INFO - [34m데이터 마이그레이션 진행 중: 9900개 항목 처리[0m
2025-03-24 20:24:08,279 - data_migration - INFO - [34m데이터 마이그레이션 진행 중: 10000개 항목 처리[0m
2025-03-24 20:24:08,383 - data_migration - INFO - [34m데이터 마이그레이션 진행 중: 10100개 항목 처리[0m
2025-03-24 20:24:08,458 - data_migration - INFO - [34m데이터 마이그레이션 진행 중: 10200개 항목 처리[0m
2025-03-24 20:24:08,551 - data_migration - INFO - [34m데이터 마이그레이션 진행 중: 10300개 항목 처리[0m
2025-03-24 20:24:08,631 - data_migration - INFO - [34m데이터 마이그레이션 진행 중: 10400개 항목 처리[0m
2025-03-24 20:24:08,714 - data_migration - INFO - [34m데이터 마이그레이션 진행 중: 10500개 항목 처리[0m
2025-03-24 20:24:08,793 - data_migration - INFO - [34m데이터 마이그레이션 진행 중: 10600개 항목 처리[0m
2025-03-24 20:24:08,872 - data_migration - INFO - [34m데이터 마이그레이션 진행 중: 10700개 항목 처리[0m
2025-03-24 20:24:08,946 - data_migration - INFO - [34m데이터 마이그레이션 진행 중: 10800개 항목 처리[0m
2025-03-24 20:24:09,021 - data_migration - INFO - [34m데이터 마이그레이션 진행 중: 10900개 항목 처리[0m
2025-03-24 20:24:09,096 - data_migration - INFO - [34m데이터 마이그레이션 진행 중: 11000개 항목 처리[0m
2025-03-24 20:24:09,202 - data_migration - INFO - [34m데이터 마이그레이션 진행 중: 11100개 항목 처리[0m
2025-03-24 20:24:09,276 - data_migration - INFO - [34m데이터 마이그레이션 진행 중: 11200개 항목 처리[0m
2025-03-24 20:24:09,350 - data_migration - INFO - [34m데이터 마이그레이션 진행 중: 11300개 항목 처리[0m
2025-03-24 20:24:09,429 - data_migration - INFO - [34m데이터 마이그레이션 진행 중: 11400개 항목 처리[0m
2025-03-24 20:24:09,513 - data_migration - INFO - [34m데이터 마이그레이션 진행 중: 11500개 항목 처리[0m
2025-03-24 20:24:09,603 - data_migration - INFO - [34m데이터 마이그레이션 진행 중: 11600개 항목 처리[0m
2025-03-24 20:24:09,680 - data_migration - INFO - [34m데이터 마이그레이션 진행 중: 11700개 항목 처리[0m
2025-03-24 20:24:09,755 - data_migration - INFO - [34m데이터 마이그레이션 진행 중: 11800개 항목 처리[0m
2025-03-24 20:24:09,828 - data_migration - INFO - [34m데이터 마이그레이션 진행 중: 11900개 항목 처리[0m
2025-03-24 20:24:09,904 - data_migration - INFO - [34m데이터 마이그레이션 진행 중: 12000개 항목 처리[0m
2025-03-24 20:24:10,016 - data_migration - INFO - [34m데이터 마이그레이션 진행 중: 12100개 항목 처리[0m
2025-03-24 20:24:10,091 - data_migration - INFO - [34m데이터 마이그레이션 진행 중: 12200개 항목 처리[0m
2025-03-24 20:24:10,167 - data_migration - INFO - [34m데이터 마이그레이션 진행 중: 12300개 항목 처리[0m
2025-03-24 20:24:10,242 - data_migration - INFO - [34m데이터 마이그레이션 진행 중: 12400개 항목 처리[0m
2025-03-24 20:24:10,316 - data_migration - INFO - [34m데이터 마이그레이션 진행 중: 12500개 항목 처리[0m
2025-03-24 20:24:10,390 - data_migration - INFO - [34m데이터 마이그레이션 진행 중: 12600개 항목 처리[0m
2025-03-24 20:24:10,465 - data_migration - INFO - [34m데이터 마이그레이션 진행 중: 12700개 항목 처리[0m
2025-03-24 20:24:10,538 - data_migration - INFO - [34m데이터 마이그레이션 진행 중: 12800개 항목 처리[0m
2025-03-24 20:24:10,613 - data_migration - INFO - [34m데이터 마이그레이션 진행 중: 12900개 항목 처리[0m
2025-03-24 20:24:10,687 - data_migration - INFO - [34m데이터 마이그레이션 진행 중: 13000개 항목 처리[0m
2025-03-24 20:24:10,793 - data_migration - INFO - [34m데이터 마이그레이션 진행 중: 13100개 항목 처리[0m
2025-03-24 20:24:10,867 - data_migration - INFO - [34m데이터 마이그레이션 진행 중: 13200개 항목 처리[0m
2025-03-24 20:24:10,941 - data_migration - INFO - [34m데이터 마이그레이션 진행 중: 13300개 항목 처리[0m
2025-03-24 20:24:10,990 - data_migration - INFO - [34m데이터 마이그레이션 진행 중: 13400개 항목 처리[0m
2025-03-24 20:24:11,029 - data_migration - INFO - [34m데이터 마이그레이션 진행 중: 13500개 항목 처리[0m
2025-03-24 20:24:11,069 - data_migration - INFO - [34m데이터 마이그레이션 진행 중: 13600개 항목 처리[0m
2025-03-24 20:24:11,112 - data_migration - INFO - [34m데이터 마이그레이션 진행 중: 13700개 항목 처리[0m
2025-03-24 20:24:11,154 - data_migration - INFO - [34m데이터 마이그레이션 진행 중: 13800개 항목 처리[0m
2025-03-24 20:24:11,195 - data_migration - INFO - [34m데이터 마이그레이션 진행 중: 13900개 항목 처리[0m
2025-03-24 20:24:11,240 - data_migration - INFO - [34m데이터 마이그레이션 진행 중: 14000개 항목 처리[0m
2025-03-24 20:24:11,306 - data_migration - INFO - [34m데이터 마이그레이션 진행 중: 14100개 항목 처리[0m
2025-03-24 20:24:11,346 - data_migration - INFO - [34m데이터 마이그레이션 진행 중: 14200개 항목 처리[0m
2025-03-24 20:24:11,385 - data_migration - INFO - [34m데이터 마이그레이션 진행 중: 14300개 항목 처리[0m
2025-03-24 20:24:11,425 - data_migration - INFO - [34m데이터 마이그레이션 진행 중: 14400개 항목 처리[0m
2025-03-24 20:24:11,465 - data_migration - INFO - [34m데이터 마이그레이션 진행 중: 14500개 항목 처리[0m
2025-03-24 20:24:11,507 - data_migration - INFO - [34m데이터 마이그레이션 진행 중: 14600개 항목 처리[0m
2025-03-24 20:24:11,552 - data_migration - INFO - [34m데이터 마이그레이션 진행 중: 14700개 항목 처리[0m
2025-03-24 20:24:11,592 - data_migration - INFO - [34m데이터 마이그레이션 진행 중: 14800개 항목 처리[0m
2025-03-24 20:24:11,632 - data_migration - INFO - [34m데이터 마이그레이션 진행 중: 14900개 항목 처리[0m
2025-03-24 20:24:11,672 - data_migration - INFO - [34m데이터 마이그레이션 진행 중: 15000개 항목 처리[0m
2025-03-24 20:24:11,750 - data_migration - INFO - [34m데이터 마이그레이션 진행 중: 15100개 항목 처리[0m
2025-03-24 20:24:11,791 - data_migration - INFO - [34m데이터 마이그레이션 진행 중: 15200개 항목 처리[0m
2025-03-24 20:24:11,834 - data_migration - INFO - [34m데이터 마이그레이션 진행 중: 15300개 항목 처리[0m
2025-03-24 20:24:11,878 - data_migration - INFO - [34m데이터 마이그레이션 진행 중: 15400개 항목 처리[0m
2025-03-24 20:24:11,923 - data_migration - INFO - [34m데이터 마이그레이션 진행 중: 15500개 항목 처리[0m
2025-03-24 20:24:11,970 - data_migration - INFO - [34m데이터 마이그레이션 진행 중: 15600개 항목 처리[0m
2025-03-24 20:24:12,019 - data_migration - INFO - [34m데이터 마이그레이션 진행 중: 15700개 항목 처리[0m
2025-03-24 20:24:12,071 - data_migration - INFO - [34m데이터 마이그레이션 진행 중: 15800개 항목 처리[0m
2025-03-24 20:24:12,121 - data_migration - INFO - [34m데이터 마이그레이션 진행 중: 15900개 항목 처리[0m
2025-03-24 20:24:12,178 - data_migration - INFO - [34m데이터 마이그레이션 진행 중: 16000개 항목 처리[0m
2025-03-24 20:24:12,275 - data_migration - INFO - [34m데이터 마이그레이션 진행 중: 16100개 항목 처리[0m
2025-03-24 20:24:12,361 - data_migration - INFO - [34m데이터 마이그레이션 진행 중: 16200개 항목 처리[0m
2025-03-24 20:24:12,447 - data_migration - INFO - [34m데이터 마이그레이션 진행 중: 16300개 항목 처리[0m
2025-03-24 20:24:12,532 - data_migration - INFO - [34m데이터 마이그레이션 진행 중: 16400개 항목 처리[0m
2025-03-24 20:24:12,612 - data_migration - INFO - [34m데이터 마이그레이션 진행 중: 16500개 항목 처리[0m
2025-03-24 20:24:12,705 - data_migration - INFO - [34m데이터 마이그레이션 진행 중: 16600개 항목 처리[0m
2025-03-24 20:24:12,786 - data_migration - INFO - [34m데이터 마이그레이션 진행 중: 16700개 항목 처리[0m
2025-03-24 20:24:12,868 - data_migration - INFO - [34m데이터 마이그레이션 진행 중: 16800개 항목 처리[0m
2025-03-24 20:24:12,948 - data_migration - INFO - [34m데이터 마이그레이션 진행 중: 16900개 항목 처리[0m
2025-03-24 20:24:13,028 - data_migration - INFO - [34m데이터 마이그레이션 진행 중: 17000개 항목 처리[0m
2025-03-24 20:24:13,139 - data_migration - INFO - [34m데이터 마이그레이션 진행 중: 17100개 항목 처리[0m
2025-03-24 20:24:13,214 - data_migration - INFO - [34m데이터 마이그레이션 진행 중: 17200개 항목 처리[0m
2025-03-24 20:24:13,293 - data_migration - INFO - [34m데이터 마이그레이션 진행 중: 17300개 항목 처리[0m
2025-03-24 20:24:13,378 - data_migration - INFO - [34m데이터 마이그레이션 진행 중: 17400개 항목 처리[0m
2025-03-24 20:24:13,460 - data_migration - INFO - [34m데이터 마이그레이션 진행 중: 17500개 항목 처리[0m
2025-03-24 20:24:13,539 - data_migration - INFO - [34m데이터 마이그레이션 진행 중: 17600개 항목 처리[0m
2025-03-24 20:24:13,621 - data_migration - INFO - [34m데이터 마이그레이션 진행 중: 17700개 항목 처리[0m
2025-03-24 20:24:13,710 - data_migration - INFO - [34m데이터 마이그레이션 진행 중: 17800개 항목 처리[0m
2025-03-24 20:24:13,800 - data_migration - INFO - [34m데이터 마이그레이션 진행 중: 17900개 항목 처리[0m
2025-03-24 20:24:13,875 - data_migration - INFO - [34m데이터 마이그레이션 진행 중: 18000개 항목 처리[0m
2025-03-24 20:24:13,990 - data_migration - INFO - [34m데이터 마이그레이션 진행 중: 18100개 항목 처리[0m
2025-03-24 20:24:14,073 - data_migration - INFO - [34m데이터 마이그레이션 진행 중: 18200개 항목 처리[0m
2025-03-24 20:24:14,153 - data_migration - INFO - [34m데이터 마이그레이션 진행 중: 18300개 항목 처리[0m
2025-03-24 20:24:14,242 - data_migration - INFO - [34m데이터 마이그레이션 진행 중: 18400개 항목 처리[0m
2025-03-24 20:24:14,321 - data_migration - INFO - [34m데이터 마이그레이션 진행 중: 18500개 항목 처리[0m
2025-03-24 20:24:14,403 - data_migration - INFO - [34m데이터 마이그레이션 진행 중: 18600개 항목 처리[0m
2025-03-24 20:24:14,488 - data_migration - INFO - [34m데이터 마이그레이션 진행 중: 18700개 항목 처리[0m
2025-03-24 20:24:14,578 - data_migration - INFO - [34m데이터 마이그레이션 진행 중: 18800개 항목 처리[0m
2025-03-24 20:24:14,682 - data_migration - INFO - [34m데이터 마이그레이션 진행 중: 18900개 항목 처리[0m
2025-03-24 20:24:14,769 - data_migration - INFO - [34m데이터 마이그레이션 진행 중: 19000개 항목 처리[0m
2025-03-24 20:24:14,881 - data_migration - INFO - [34m데이터 마이그레이션 진행 중: 19100개 항목 처리[0m
2025-03-24 20:24:14,959 - data_migration - INFO - [34m데이터 마이그레이션 진행 중: 19200개 항목 처리[0m
2025-03-24 20:24:15,038 - data_migration - INFO - [34m데이터 마이그레이션 진행 중: 19300개 항목 처리[0m
2025-03-24 20:24:15,126 - data_migration - INFO - [34m데이터 마이그레이션 진행 중: 19400개 항목 처리[0m
2025-03-24 20:24:15,220 - data_migration - INFO - [34m데이터 마이그레이션 진행 중: 19500개 항목 처리[0m
2025-03-24 20:24:15,311 - data_migration - INFO - [34m데이터 마이그레이션 진행 중: 19600개 항목 처리[0m
2025-03-24 20:24:15,426 - data_migration - INFO - [34m데이터 마이그레이션 진행 중: 19700개 항목 처리[0m
2025-03-24 20:24:15,506 - data_migration - INFO - [34m데이터 마이그레이션 진행 중: 19800개 항목 처리[0m
2025-03-24 20:24:15,583 - data_migration - INFO - [34m데이터 마이그레이션 진행 중: 19900개 항목 처리[0m
2025-03-24 20:24:15,659 - data_migration - INFO - [34m데이터 마이그레이션 진행 중: 20000개 항목 처리[0m
2025-03-24 20:24:15,789 - data_migration - INFO - [34m데이터 마이그레이션 진행 중: 20100개 항목 처리[0m
2025-03-24 20:24:15,885 - data_migration - INFO - [34m데이터 마이그레이션 진행 중: 20200개 항목 처리[0m
2025-03-24 20:24:15,974 - data_migration - INFO - [34m데이터 마이그레이션 진행 중: 20300개 항목 처리[0m
2025-03-24 20:24:16,068 - data_migration - INFO - [34m데이터 마이그레이션 진행 중: 20400개 항목 처리[0m
2025-03-24 20:24:16,149 - data_migration - INFO - [34m데이터 마이그레이션 진행 중: 20500개 항목 처리[0m
2025-03-24 20:24:16,234 - data_migration - INFO - [34m데이터 마이그레이션 진행 중: 20600개 항목 처리[0m
2025-03-24 20:24:16,309 - data_migration - INFO - [34m데이터 마이그레이션 진행 중: 20700개 항목 처리[0m
2025-03-24 20:24:16,384 - data_migration - INFO - [34m데이터 마이그레이션 진행 중: 20800개 항목 처리[0m
2025-03-24 20:24:16,461 - data_migration - INFO - [34m데이터 마이그레이션 진행 중: 20900개 항목 처리[0m
2025-03-24 20:24:16,544 - data_migration - INFO - [34m데이터 마이그레이션 진행 중: 21000개 항목 처리[0m
2025-03-24 20:24:16,659 - data_migration - INFO - [34m데이터 마이그레이션 진행 중: 21100개 항목 처리[0m
2025-03-24 20:24:16,742 - data_migration - INFO - [34m데이터 마이그레이션 진행 중: 21200개 항목 처리[0m
2025-03-24 20:24:16,826 - data_migration - INFO - [34m데이터 마이그레이션 진행 중: 21300개 항목 처리[0m
2025-03-24 20:24:16,909 - data_migration - INFO - [34m데이터 마이그레이션 진행 중: 21400개 항목 처리[0m
2025-03-24 20:24:16,991 - data_migration - INFO - [34m데이터 마이그레이션 진행 중: 21500개 항목 처리[0m
2025-03-24 20:24:17,076 - data_migration - INFO - [34m데이터 마이그레이션 진행 중: 21600개 항목 처리[0m
2025-03-24 20:24:17,158 - data_migration - INFO - [34m데이터 마이그레이션 진행 중: 21700개 항목 처리[0m
2025-03-24 20:24:17,245 - data_migration - INFO - [34m데이터 마이그레이션 진행 중: 21800개 항목 처리[0m
2025-03-24 20:24:17,328 - data_migration - INFO - [34m데이터 마이그레이션 진행 중: 21900개 항목 처리[0m
2025-03-24 20:24:17,413 - data_migration - INFO - [34m데이터 마이그레이션 진행 중: 22000개 항목 처리[0m
2025-03-24 20:24:17,533 - data_migration - INFO - [34m데이터 마이그레이션 진행 중: 22100개 항목 처리[0m
2025-03-24 20:24:17,616 - data_migration - INFO - [34m데이터 마이그레이션 진행 중: 22200개 항목 처리[0m
2025-03-24 20:24:17,699 - data_migration - INFO - [34m데이터 마이그레이션 진행 중: 22300개 항목 처리[0m
2025-03-24 20:24:17,785 - data_migration - INFO - [34m데이터 마이그레이션 진행 중: 22400개 항목 처리[0m
2025-03-24 20:24:17,866 - data_migration - INFO - [34m데이터 마이그레이션 진행 중: 22500개 항목 처리[0m
2025-03-24 20:24:17,949 - data_migration - INFO - [34m데이터 마이그레이션 진행 중: 22600개 항목 처리[0m
2025-03-24 20:24:18,034 - data_migration - INFO - [34m데이터 마이그레이션 진행 중: 22700개 항목 처리[0m
2025-03-24 20:24:18,119 - data_migration - INFO - [34m데이터 마이그레이션 진행 중: 22800개 항목 처리[0m
2025-03-24 20:24:18,212 - data_migration - INFO - [34m데이터 마이그레이션 진행 중: 22900개 항목 처리[0m
2025-03-24 20:24:18,293 - data_migration - INFO - [34m데이터 마이그레이션 진행 중: 23000개 항목 처리[0m
2025-03-24 20:24:18,412 - data_migration - INFO - [34m데이터 마이그레이션 진행 중: 23100개 항목 처리[0m
2025-03-24 20:24:18,487 - data_migration - INFO - [34m데이터 마이그레이션 진행 중: 23200개 항목 처리[0m
2025-03-24 20:24:18,562 - data_migration - INFO - [34m데이터 마이그레이션 진행 중: 23300개 항목 처리[0m
2025-03-24 20:24:18,637 - data_migration - INFO - [34m데이터 마이그레이션 진행 중: 23400개 항목 처리[0m
2025-03-24 20:24:18,711 - data_migration - INFO - [34m데이터 마이그레이션 진행 중: 23500개 항목 처리[0m
2025-03-24 20:24:18,797 - data_migration - INFO - [34m데이터 마이그레이션 진행 중: 23600개 항목 처리[0m
2025-03-24 20:24:18,873 - data_migration - INFO - [34m데이터 마이그레이션 진행 중: 23700개 항목 처리[0m
2025-03-24 20:24:18,952 - data_migration - INFO - [34m데이터 마이그레이션 진행 중: 23800개 항목 처리[0m
2025-03-24 20:24:19,029 - data_migration - INFO - [34m데이터 마이그레이션 진행 중: 23900개 항목 처리[0m
2025-03-24 20:24:19,106 - data_migration - INFO - [34m데이터 마이그레이션 진행 중: 24000개 항목 처리[0m
2025-03-24 20:24:19,218 - data_migration - INFO - [34m데이터 마이그레이션 진행 중: 24100개 항목 처리[0m
2025-03-24 20:24:19,294 - data_migration - INFO - [34m데이터 마이그레이션 진행 중: 24200개 항목 처리[0m
2025-03-24 20:24:19,370 - data_migration - INFO - [34m데이터 마이그레이션 진행 중: 24300개 항목 처리[0m
2025-03-24 20:24:19,447 - data_migration - INFO - [34m데이터 마이그레이션 진행 중: 24400개 항목 처리[0m
2025-03-24 20:24:19,525 - data_migration - INFO - [34m데이터 마이그레이션 진행 중: 24500개 항목 처리[0m
2025-03-24 20:24:19,600 - data_migration - INFO - [34m데이터 마이그레이션 진행 중: 24600개 항목 처리[0m
2025-03-24 20:24:19,675 - data_migration - INFO - [34m데이터 마이그레이션 진행 중: 24700개 항목 처리[0m
2025-03-24 20:24:19,750 - data_migration - INFO - [34m데이터 마이그레이션 진행 중: 24800개 항목 처리[0m
2025-03-24 20:24:19,824 - data_migration - INFO - [34m데이터 마이그레이션 진행 중: 24900개 항목 처리[0m
2025-03-24 20:24:19,916 - data_migration - INFO - [34m데이터 마이그레이션 진행 중: 25000개 항목 처리[0m
2025-03-24 20:24:20,034 - data_migration - INFO - [34m데이터 마이그레이션 진행 중: 25100개 항목 처리[0m
2025-03-24 20:24:20,110 - data_migration - INFO - [34m데이터 마이그레이션 진행 중: 25200개 항목 처리[0m
2025-03-24 20:24:20,185 - data_migration - INFO - [34m데이터 마이그레이션 진행 중: 25300개 항목 처리[0m
2025-03-24 20:24:20,263 - data_migration - INFO - [34m데이터 마이그레이션 진행 중: 25400개 항목 처리[0m
2025-03-24 20:24:20,339 - data_migration - INFO - [34m데이터 마이그레이션 진행 중: 25500개 항목 처리[0m
2025-03-24 20:24:20,420 - data_migration - INFO - [34m데이터 마이그레이션 진행 중: 25600개 항목 처리[0m
2025-03-24 20:24:20,495 - data_migration - INFO - [34m데이터 마이그레이션 진행 중: 25700개 항목 처리[0m
2025-03-24 20:24:20,570 - data_migration - INFO - [34m데이터 마이그레이션 진행 중: 25800개 항목 처리[0m
2025-03-24 20:24:20,647 - data_migration - INFO - [34m데이터 마이그레이션 진행 중: 25900개 항목 처리[0m
2025-03-24 20:24:20,727 - data_migration - INFO - [34m데이터 마이그레이션 진행 중: 26000개 항목 처리[0m
2025-03-24 20:24:20,834 - data_migration - INFO - [34m데이터 마이그레이션 진행 중: 26100개 항목 처리[0m
2025-03-24 20:24:20,911 - data_migration - INFO - [34m데이터 마이그레이션 진행 중: 26200개 항목 처리[0m
2025-03-24 20:24:20,991 - data_migration - INFO - [34m데이터 마이그레이션 진행 중: 26300개 항목 처리[0m
2025-03-24 20:24:21,072 - data_migration - INFO - [34m데이터 마이그레이션 진행 중: 26400개 항목 처리[0m
2025-03-24 20:24:21,148 - data_migration - INFO - [34m데이터 마이그레이션 진행 중: 26500개 항목 처리[0m
2025-03-24 20:24:21,224 - data_migration - INFO - [34m데이터 마이그레이션 진행 중: 26600개 항목 처리[0m
2025-03-24 20:24:21,304 - data_migration - INFO - [34m데이터 마이그레이션 진행 중: 26700개 항목 처리[0m
2025-03-24 20:24:21,378 - data_migration - INFO - [34m데이터 마이그레이션 진행 중: 26800개 항목 처리[0m
2025-03-24 20:24:21,453 - data_migration - INFO - [34m데이터 마이그레이션 진행 중: 26900개 항목 처리[0m
2025-03-24 20:24:21,528 - data_migration - INFO - [34m데이터 마이그레이션 진행 중: 27000개 항목 처리[0m
2025-03-24 20:24:21,638 - data_migration - INFO - [34m데이터 마이그레이션 진행 중: 27100개 항목 처리[0m
2025-03-24 20:24:21,712 - data_migration - INFO - [34m데이터 마이그레이션 진행 중: 27200개 항목 처리[0m
2025-03-24 20:24:21,786 - data_migration - INFO - [34m데이터 마이그레이션 진행 중: 27300개 항목 처리[0m
2025-03-24 20:24:21,861 - data_migration - INFO - [34m데이터 마이그레이션 진행 중: 27400개 항목 처리[0m
2025-03-24 20:24:21,936 - data_migration - INFO - [34m데이터 마이그레이션 진행 중: 27500개 항목 처리[0m
2025-03-24 20:24:22,010 - data_migration - INFO - [34m데이터 마이그레이션 진행 중: 27600개 항목 처리[0m
2025-03-24 20:24:22,087 - data_migration - INFO - [34m데이터 마이그레이션 진행 중: 27700개 항목 처리[0m
2025-03-24 20:24:22,164 - data_migration - INFO - [34m데이터 마이그레이션 진행 중: 27800개 항목 처리[0m
2025-03-24 20:24:22,240 - data_migration - INFO - [34m데이터 마이그레이션 진행 중: 27900개 항목 처리[0m
2025-03-24 20:24:22,327 - data_migration - INFO - [34m데이터 마이그레이션 진행 중: 28000개 항목 처리[0m
2025-03-24 20:24:22,438 - data_migration - INFO - [34m데이터 마이그레이션 진행 중: 28100개 항목 처리[0m
2025-03-24 20:24:22,518 - data_migration - INFO - [34m데이터 마이그레이션 진행 중: 28200개 항목 처리[0m
2025-03-24 20:24:22,593 - data_migration - INFO - [34m데이터 마이그레이션 진행 중: 28300개 항목 처리[0m
2025-03-24 20:24:22,667 - data_migration - INFO - [34m데이터 마이그레이션 진행 중: 28400개 항목 처리[0m
2025-03-24 20:24:22,741 - data_migration - INFO - [34m데이터 마이그레이션 진행 중: 28500개 항목 처리[0m
2025-03-24 20:24:22,816 - data_migration - INFO - [34m데이터 마이그레이션 진행 중: 28600개 항목 처리[0m
2025-03-24 20:24:22,890 - data_migration - INFO - [34m데이터 마이그레이션 진행 중: 28700개 항목 처리[0m
2025-03-24 20:24:22,964 - data_migration - INFO - [34m데이터 마이그레이션 진행 중: 28800개 항목 처리[0m
2025-03-24 20:24:23,040 - data_migration - INFO - [34m데이터 마이그레이션 진행 중: 28900개 항목 처리[0m
2025-03-24 20:24:23,117 - data_migration - INFO - [34m데이터 마이그레이션 진행 중: 29000개 항목 처리[0m
2025-03-24 20:24:23,230 - data_migration - INFO - [34m데이터 마이그레이션 진행 중: 29100개 항목 처리[0m
2025-03-24 20:24:23,308 - data_migration - INFO - [34m데이터 마이그레이션 진행 중: 29200개 항목 처리[0m
2025-03-24 20:24:23,387 - data_migration - INFO - [34m데이터 마이그레이션 진행 중: 29300개 항목 처리[0m
2025-03-24 20:24:23,455 - data_migration - INFO - [34m데이터 마이그레이션 진행 중: 29400개 항목 처리[0m
2025-03-24 20:24:23,494 - data_migration - INFO - [34m데이터 마이그레이션 진행 중: 29500개 항목 처리[0m
2025-03-24 20:24:23,534 - data_migration - INFO - [34m데이터 마이그레이션 진행 중: 29600개 항목 처리[0m
2025-03-24 20:24:23,573 - data_migration - INFO - [34m데이터 마이그레이션 진행 중: 29700개 항목 처리[0m
2025-03-24 20:24:23,621 - data_migration - INFO - [34m데이터 마이그레이션 진행 중: 29800개 항목 처리[0m
2025-03-24 20:24:23,660 - data_migration - INFO - [34m데이터 마이그레이션 진행 중: 29900개 항목 처리[0m
2025-03-24 20:24:23,704 - data_migration - INFO - [34m데이터 마이그레이션 진행 중: 30000개 항목 처리[0m
2025-03-24 20:24:23,775 - data_migration - INFO - [34m데이터 마이그레이션 진행 중: 30100개 항목 처리[0m
2025-03-24 20:24:23,815 - data_migration - INFO - [34m데이터 마이그레이션 진행 중: 30200개 항목 처리[0m
2025-03-24 20:24:23,855 - data_migration - INFO - [34m데이터 마이그레이션 진행 중: 30300개 항목 처리[0m
2025-03-24 20:24:23,896 - data_migration - INFO - [34m데이터 마이그레이션 진행 중: 30400개 항목 처리[0m
2025-03-24 20:24:23,937 - data_migration - INFO - [34m데이터 마이그레이션 진행 중: 30500개 항목 처리[0m
2025-03-24 20:24:23,976 - data_migration - INFO - [34m데이터 마이그레이션 진행 중: 30600개 항목 처리[0m
2025-03-24 20:24:24,018 - data_migration - INFO - [34m데이터 마이그레이션 진행 중: 30700개 항목 처리[0m
2025-03-24 20:24:24,058 - data_migration - INFO - [34m데이터 마이그레이션 진행 중: 30800개 항목 처리[0m
2025-03-24 20:24:24,098 - data_migration - INFO - [34m데이터 마이그레이션 진행 중: 30900개 항목 처리[0m
2025-03-24 20:24:24,138 - data_migration - INFO - [34m데이터 마이그레이션 진행 중: 31000개 항목 처리[0m
2025-03-24 20:24:24,210 - data_migration - INFO - [34m데이터 마이그레이션 진행 중: 31100개 항목 처리[0m
2025-03-24 20:24:24,251 - data_migration - INFO - [34m데이터 마이그레이션 진행 중: 31200개 항목 처리[0m
2025-03-24 20:24:24,292 - data_migration - INFO - [34m데이터 마이그레이션 진행 중: 31300개 항목 처리[0m
2025-03-24 20:24:24,334 - data_migration - INFO - [34m데이터 마이그레이션 진행 중: 31400개 항목 처리[0m
2025-03-24 20:24:24,375 - data_migration - INFO - [34m데이터 마이그레이션 진행 중: 31500개 항목 처리[0m
2025-03-24 20:24:24,416 - data_migration - INFO - [34m데이터 마이그레이션 진행 중: 31600개 항목 처리[0m
2025-03-24 20:24:24,456 - data_migration - INFO - [34m데이터 마이그레이션 진행 중: 31700개 항목 처리[0m
2025-03-24 20:24:24,496 - data_migration - INFO - [34m데이터 마이그레이션 진행 중: 31800개 항목 처리[0m
2025-03-24 20:24:24,537 - data_migration - INFO - [34m데이터 마이그레이션 진행 중: 31900개 항목 처리[0m
2025-03-24 20:24:24,576 - data_migration - INFO - [34m데이터 마이그레이션 진행 중: 32000개 항목 처리[0m
2025-03-24 20:24:24,648 - data_migration - INFO - [34m데이터 마이그레이션 진행 중: 32100개 항목 처리[0m
2025-03-24 20:24:24,722 - data_migration - INFO - [34m데이터 마이그레이션 진행 중: 32200개 항목 처리[0m
2025-03-24 20:24:24,797 - data_migration - INFO - 추가 약품 식별 정보: 0개 항목 마이그레이션
2025-03-24 20:24:24,798 - data_migration - INFO - 추가 약품 약효 정보: 0개 항목 마이그레이션
2025-03-24 20:24:24,803 - data_migration - INFO - 추가 약품 용량 정보: 0개 항목 마이그레이션
2025-03-24 20:24:24,804 - data_migration - INFO - [33m약품 사용법 정보(medicine_usage) 마이그레이션 시작[0m
2025-03-24 20:24:24,807 - data_migration - INFO - 기존 테이블 데이터: medicines 4738개, medicine_usage 4738개
2025-03-24 20:24:24,819 - data_migration - INFO - 발견된 연결되지 않은 medicines 데이터: 10개 샘플
2025-03-24 20:24:24,821 - data_migration - INFO -   - ID: 1, item_seq: 195700020, item_name: 활명수
2025-03-24 20:24:24,822 - data_migration - INFO -   - ID: 2, item_seq: 195900034, item_name: 신신티눈고(살리실산반창고)(수출명:SINSINCORNPLASTER)
2025-03-24 20:24:24,823 - data_migration - INFO -   - ID: 3, item_seq: 195900043, item_name: 아네모정
2025-03-24 20:24:24,823 - data_migration - INFO -   - ID: 5, item_seq: 197400207, item_name: 겔포스현탁액(인산알루미늄겔)
2025-03-24 20:24:24,824 - data_migration - INFO -   - ID: 6, item_seq: 197700189, item_name: 일양노이겔현탁액(규산알루민산마그네슘)
2025-03-24 20:24:24,825 - data_migration - INFO -   - ID: 7, item_seq: 197800242, item_name: 일양노이시린에이정(규산알루민산마그네슘)
2025-03-24 20:24:24,826 - data_migration - INFO -   - ID: 8, item_seq: 195900045, item_name: 자모
2025-03-24 20:24:24,826 - data_migration - INFO -   - ID: 9, item_seq: 196000011, item_name: 페니라민정(클로르페니라민말레산염)
2025-03-24 20:24:24,827 - data_migration - INFO -   - ID: 11, item_seq: 198401161, item_name: 세나서트2밀리그람질정
2025-03-24 20:24:24,828 - data_migration - INFO -   - ID: 12, item_seq: 199001305, item_name: 지겔트라현탁액
2025-03-24 20:24:24,829 - data_migration - ERROR - 데이터 마이그레이션 오류: (1052, "Column 'efcy_qesitm' in SET is ambiguous")
2025-03-24 20:24:24,830 - data_migration - INFO - [36m약품 데이터 통합 마이그레이션 완료[0m
