2025-03-24 21:30:28,523 - unified_migration - INFO - 의약품 데이터 통합 마이그레이션 시작
2025-03-24 21:30:28,531 - unified_migration - INFO - 통합 의약품 테이블 생성 시작...
2025-03-24 21:30:28,568 - unified_migration - INFO - 통합 의약품 테이블 생성 완료
2025-03-24 21:30:28,593 - unified_migration - INFO - 데이터 마이그레이션 시작...
2025-03-24 21:30:28,596 - unified_migration - INFO - 기존 데이터: medicines=4738개, medicine_usage=4738개
2025-03-24 21:30:28,622 - unified_migration - INFO - 통합 테이블 초기화 완료
2025-03-24 21:30:28,894 - unified_migration - INFO - JOIN을 통한 데이터 이전: 4738개 항목
2025-03-24 21:30:28,905 - unified_migration - INFO - medicines만 있는 데이터 이전: 0개 항목
2025-03-24 21:30:28,915 - unified_migration - INFO - medicine_usage만 있는 데이터 이전: 0개 항목
2025-03-24 21:30:28,927 - unified_migration - INFO - 통합 테이블 통계:
2025-03-24 21:30:28,927 - unified_migration - INFO -   총 항목: 4738개
2025-03-24 21:30:28,927 - unified_migration - INFO -   품목일련번호 있음: 4738개 (100.0%)
2025-03-24 21:30:28,927 - unified_migration - INFO -   주의사항 있음: 4730개 (99.8%)
2025-03-24 21:30:28,928 - unified_migration - INFO - 통합 데이터 샘플:
2025-03-24 21:30:28,928 - unified_migration - INFO -   id=1, item_seq=195700020, item_name=활명수, medicine_id=1, 주의사항 길이=615
2025-03-24 21:30:28,928 - unified_migration - INFO -   id=2, item_seq=195900034, item_name=신신티눈고(살리실산반창고)(수출명:SINSINCORNPLASTER), medicine_id=2, 주의사항 길이=1277
2025-03-24 21:30:28,929 - unified_migration - INFO -   id=3, item_seq=195900043, item_name=아네모정, medicine_id=3, 주의사항 길이=652
2025-03-24 21:30:28,929 - unified_migration - INFO -   id=8, item_seq=195900045, item_name=자모, medicine_id=8, 주의사항 길이=871
2025-03-24 21:30:28,929 - unified_migration - INFO -   id=9, item_seq=196000011, item_name=페니라민정(클로르페니라민말레산염), medicine_id=9, 주의사항 길이=782
2025-03-24 21:30:28,933 - unified_migration - INFO - 데이터 마이그레이션 완료
2025-03-24 21:30:28,933 - unified_migration - INFO - 의약품 데이터 통합 마이그레이션 완료
