2025-03-24 15:29:40,979 - data_integration - INFO - 데이터 통합 프로세스 시작
2025-03-24 15:29:41,035 - data_integration - ERROR - 데이터베이스 연결 오류: (1049, "Unknown database 'medicine_db'")
2025-03-24 15:29:41,035 - data_integration - ERROR - 데이터베이스 초기화 실패
2025-03-24 15:29:49,905 - data_integration - INFO - 데이터 통합 프로세스 시작
2025-03-24 15:29:49,919 - data_integration - ERROR - 데이터베이스 연결 오류: (1049, "Unknown database 'medicine_db'")
2025-03-24 15:29:49,919 - data_integration - ERROR - 데이터베이스 초기화 실패
2025-03-24 15:34:51,244 - data_integration - INFO - 데이터 통합 프로세스 시작
2025-03-24 15:34:51,258 - data_integration - INFO - 페이지 1 데이터 수집 중...
2025-03-24 15:34:51,417 - data_integration - WARNING - API 요청 실패: 500. 재시도 1/3
2025-03-24 15:34:52,587 - data_integration - WARNING - API 요청 실패: 500. 재시도 2/3
2025-03-24 15:34:53,726 - data_integration - WARNING - API 요청 실패: 500. 재시도 3/3
2025-03-24 15:34:54,728 - data_integration - ERROR - API 요청 실패: 최대 재시도 횟수 초과. URL: http://apis.data.go.kr/1471000/MdcinGrnIdntfcAPIService/getMdcinGrnIdntfcList
2025-03-24 15:34:54,728 - data_integration - ERROR - 페이지 1 데이터 수집 실패
2025-03-24 15:34:54,728 - data_integration - INFO - 페이지 2 데이터 수집 중...
2025-03-24 15:34:54,836 - data_integration - WARNING - API 요청 실패: 500. 재시도 1/3
2025-03-24 15:34:55,966 - data_integration - WARNING - API 요청 실패: 500. 재시도 2/3
2025-03-24 15:34:57,097 - data_integration - WARNING - API 요청 실패: 500. 재시도 3/3
2025-03-24 15:34:58,098 - data_integration - ERROR - API 요청 실패: 최대 재시도 횟수 초과. URL: http://apis.data.go.kr/1471000/MdcinGrnIdntfcAPIService/getMdcinGrnIdntfcList
2025-03-24 15:34:58,098 - data_integration - ERROR - 페이지 2 데이터 수집 실패
2025-03-24 15:34:58,098 - data_integration - INFO - 페이지 3 데이터 수집 중...
2025-03-24 15:34:58,213 - data_integration - WARNING - API 요청 실패: 500. 재시도 1/3
2025-03-24 15:34:59,347 - data_integration - WARNING - API 요청 실패: 500. 재시도 2/3
2025-03-24 15:35:00,503 - data_integration - WARNING - API 요청 실패: 500. 재시도 3/3
2025-03-24 15:35:01,505 - data_integration - ERROR - API 요청 실패: 최대 재시도 횟수 초과. URL: http://apis.data.go.kr/1471000/MdcinGrnIdntfcAPIService/getMdcinGrnIdntfcList
2025-03-24 15:35:01,505 - data_integration - ERROR - 페이지 3 데이터 수집 실패
2025-03-24 15:35:01,505 - data_integration - INFO - 페이지 4 데이터 수집 중...
2025-03-24 15:35:01,624 - data_integration - WARNING - API 요청 실패: 500. 재시도 1/3
2025-03-24 15:35:02,728 - data_integration - WARNING - API 요청 실패: 500. 재시도 2/3
2025-03-24 15:35:03,856 - data_integration - WARNING - API 요청 실패: 500. 재시도 3/3
2025-03-24 15:35:04,857 - data_integration - ERROR - API 요청 실패: 최대 재시도 횟수 초과. URL: http://apis.data.go.kr/1471000/MdcinGrnIdntfcAPIService/getMdcinGrnIdntfcList
2025-03-24 15:35:04,857 - data_integration - ERROR - 페이지 4 데이터 수집 실패
2025-03-24 15:35:04,857 - data_integration - INFO - 페이지 5 데이터 수집 중...
2025-03-24 15:35:04,963 - data_integration - WARNING - API 요청 실패: 500. 재시도 1/3
2025-03-24 15:35:06,096 - data_integration - WARNING - API 요청 실패: 500. 재시도 2/3
2025-03-24 15:35:07,236 - data_integration - WARNING - API 요청 실패: 500. 재시도 3/3
2025-03-24 15:35:08,238 - data_integration - ERROR - API 요청 실패: 최대 재시도 횟수 초과. URL: http://apis.data.go.kr/1471000/MdcinGrnIdntfcAPIService/getMdcinGrnIdntfcList
2025-03-24 15:35:08,238 - data_integration - ERROR - 페이지 5 데이터 수집 실패
2025-03-24 15:35:08,238 - data_integration - INFO - 데이터 통합 프로세스 완료
2025-03-24 15:35:32,957 - data_integration - INFO - 데이터 통합 프로세스 시작
2025-03-24 15:35:32,971 - data_integration - INFO - 페이지 1 데이터 수집 중...
2025-03-24 15:35:33,106 - data_integration - WARNING - API 요청 실패: 500. 재시도 1/3
2025-03-24 15:35:34,224 - data_integration - WARNING - API 요청 실패: 500. 재시도 2/3
2025-03-24 15:35:35,329 - data_integration - WARNING - API 요청 실패: 500. 재시도 3/3
2025-03-24 15:35:36,330 - data_integration - ERROR - API 요청 실패: 최대 재시도 횟수 초과. URL: http://apis.data.go.kr/1471000/MdcinGrnIdntfcAPIService/getMdcinGrnIdntfcList
2025-03-24 15:35:36,331 - data_integration - ERROR - 페이지 1 데이터 수집 실패
2025-03-24 15:35:36,331 - data_integration - INFO - 페이지 2 데이터 수집 중...
2025-03-24 15:35:36,448 - data_integration - WARNING - API 요청 실패: 500. 재시도 1/3
2025-03-24 15:35:37,582 - data_integration - WARNING - API 요청 실패: 500. 재시도 2/3
2025-03-24 15:35:38,705 - data_integration - WARNING - API 요청 실패: 500. 재시도 3/3
2025-03-24 15:35:39,706 - data_integration - ERROR - API 요청 실패: 최대 재시도 횟수 초과. URL: http://apis.data.go.kr/1471000/MdcinGrnIdntfcAPIService/getMdcinGrnIdntfcList
2025-03-24 15:35:39,706 - data_integration - ERROR - 페이지 2 데이터 수집 실패
2025-03-24 15:35:39,706 - data_integration - INFO - 페이지 3 데이터 수집 중...
2025-03-24 15:35:39,848 - data_integration - WARNING - API 요청 실패: 500. 재시도 1/3
2025-03-24 15:35:40,965 - data_integration - WARNING - API 요청 실패: 500. 재시도 2/3
2025-03-24 15:35:42,080 - data_integration - WARNING - API 요청 실패: 500. 재시도 3/3
2025-03-24 15:35:43,081 - data_integration - ERROR - API 요청 실패: 최대 재시도 횟수 초과. URL: http://apis.data.go.kr/1471000/MdcinGrnIdntfcAPIService/getMdcinGrnIdntfcList
2025-03-24 15:35:43,081 - data_integration - ERROR - 페이지 3 데이터 수집 실패
2025-03-24 15:35:43,081 - data_integration - INFO - 페이지 4 데이터 수집 중...
2025-03-24 15:35:43,211 - data_integration - WARNING - API 요청 실패: 500. 재시도 1/3
2025-03-24 15:35:44,325 - data_integration - WARNING - API 요청 실패: 500. 재시도 2/3
2025-03-24 15:35:45,435 - data_integration - WARNING - API 요청 실패: 500. 재시도 3/3
2025-03-24 15:35:46,436 - data_integration - ERROR - API 요청 실패: 최대 재시도 횟수 초과. URL: http://apis.data.go.kr/1471000/MdcinGrnIdntfcAPIService/getMdcinGrnIdntfcList
2025-03-24 15:35:46,436 - data_integration - ERROR - 페이지 4 데이터 수집 실패
2025-03-24 15:35:46,436 - data_integration - INFO - 페이지 5 데이터 수집 중...
2025-03-24 15:35:46,543 - data_integration - WARNING - API 요청 실패: 500. 재시도 1/3
2025-03-24 15:35:47,665 - data_integration - WARNING - API 요청 실패: 500. 재시도 2/3
2025-03-24 15:35:48,785 - data_integration - WARNING - API 요청 실패: 500. 재시도 3/3
2025-03-24 15:35:49,786 - data_integration - ERROR - API 요청 실패: 최대 재시도 횟수 초과. URL: http://apis.data.go.kr/1471000/MdcinGrnIdntfcAPIService/getMdcinGrnIdntfcList
2025-03-24 15:35:49,786 - data_integration - ERROR - 페이지 5 데이터 수집 실패
2025-03-24 15:35:49,786 - data_integration - INFO - 데이터 통합 프로세스 완료
