2025-03-25 05:12:49,520 - INFO - 데이터 전송 검증 프로세스 시작
2025-03-25 05:12:49,536 - INFO - drug_identification 테이블에 다음 컬럼이 존재합니다: atpn_qesitm, intrc_qesitm, se_qesitm, deposit_method_qesitm, efcy_qesitm, use_method_qesitm, atpn_warn_qesitm
2025-03-25 05:12:49,537 - INFO - 검증을 위해 5개의 샘플 item_seq를 선택했습니다.
2025-03-25 05:12:49,537 - INFO - item_seq=196200034 데이터 검증...
2025-03-25 05:12:49,544 - INFO - item_seq=196200034의 모든 컬럼 데이터가 일치합니다.
2025-03-25 05:12:49,544 - INFO - item_seq=196500051 데이터 검증...
2025-03-25 05:12:49,549 - INFO - item_seq=196500051의 모든 컬럼 데이터가 일치합니다.
2025-03-25 05:12:49,550 - INFO - item_seq=197000076 데이터 검증...
2025-03-25 05:12:49,556 - INFO - item_seq=197000076의 모든 컬럼 데이터가 일치합니다.
2025-03-25 05:12:49,556 - INFO - item_seq=197100015 데이터 검증...
2025-03-25 05:12:49,562 - INFO - item_seq=197100015의 모든 컬럼 데이터가 일치합니다.
2025-03-25 05:12:49,562 - INFO - item_seq=197100081 데이터 검증...
2025-03-25 05:12:49,564 - INFO - 
+----+------------+-----------------------+----------------------------------------------------+----------------------------------------------------+---------+
|    |   item_seq | column                | unified_value                                      | drug_value                                         | match   |
|----+------------+-----------------------+----------------------------------------------------+----------------------------------------------------+---------|
|  0 |  197100081 | item_name             | 키모랄에스정                                             | 키모랄에스정                                             | True    |
|  1 |  197100081 | atpn_qesitm           | 이 약은 갈락토오스 불내성, Lapp 유당분해효소 결핍증 또는 포도당-갈락토오스 흡수... | 이 약은 갈락토오스 불내성, Lapp 유당분해효소 결핍증 또는 포도당-갈락토오스 흡수... | True    |
|  2 |  197100081 | intrc_qesitm          | 항응고제를 함께 사용 시 의사 또는 약사와 상의하십시오.                    | 항응고제를 함께 사용 시 의사 또는 약사와 상의하십시오.                    | True    |
|  3 |  197100081 | se_qesitm             | 발진, 발적, 설사, 변비, 때때로 식욕부진, 배가 거북함, 구역, 구토, 드물게 코... | 발진, 발적, 설사, 변비, 때때로 식욕부진, 배가 거북함, 구역, 구토, 드물게 코... | True    |
|  4 |  197100081 | deposit_method_qesitm | 실온에서 보관하십시오.                                       | 실온에서 보관하십시오.                                       | True    |
|    |            |                       |                                                    |                                                    |         |
|    |            |                       | 어린이의 손이 닿지 않는 곳에 보관하십시오.                           | 어린이의 손이 닿지 않는 곳에 보관하십시오.                           |         |
|  5 |  197100081 | efcy_qesitm           |                                                    |                                                    | True    |
|  6 |  197100081 | use_method_qesitm     |                                                    |                                                    | True    |
|  7 |  197100081 | atpn_warn_qesitm      |                                                    |                                                    | True    |
+----+------------+-----------------------+----------------------------------------------------+----------------------------------------------------+---------+
2025-03-25 05:12:49,566 - INFO - item_seq=197100081의 모든 컬럼 데이터가 일치합니다.
2025-03-25 05:12:49,608 - INFO - drug_identification 테이블의 총 레코드 수: 13461
2025-03-25 05:12:49,608 - INFO - 컬럼 'atpn_qesitm'에서 값이 있는 레코드: 1608개 (11.95%)
2025-03-25 05:12:49,608 - INFO - 컬럼 'intrc_qesitm'에서 값이 있는 레코드: 1438개 (10.68%)
2025-03-25 05:12:49,608 - INFO - 컬럼 'se_qesitm'에서 값이 있는 레코드: 1531개 (11.37%)
2025-03-25 05:12:49,609 - INFO - 컬럼 'deposit_method_qesitm'에서 값이 있는 레코드: 1611개 (11.97%)
2025-03-25 05:12:49,609 - INFO - 컬럼 'efcy_qesitm'에서 값이 있는 레코드: 0개 (0.00%)
2025-03-25 05:12:49,609 - INFO - 컬럼 'use_method_qesitm'에서 값이 있는 레코드: 0개 (0.00%)
2025-03-25 05:12:49,609 - INFO - 컬럼 'atpn_warn_qesitm'에서 값이 있는 레코드: 412개 (3.06%)
2025-03-25 05:12:49,610 - INFO - 데이터베이스 연결 종료
2025-03-25 05:12:49,610 - INFO - 데이터 전송 검증 프로세스 완료
