2025-03-18 20:49:11,734 - data_load - INFO - 데이터 로드 시작
2025-03-18 20:49:12,317 - data_load - INFO - 총 4743개 의약품 중 첫 100개 가져오기 성공
2025-03-18 20:49:12,317 - data_load - INFO - 항목 1/10 처리 중: 활명수
2025-03-18 20:49:12,524 - data_load - INFO - 항목 2/10 처리 중: 신신티눈고(살리실산반창고)(수출명:SINSINCORNPLASTER)
2025-03-18 20:49:12,746 - data_load - INFO - 항목 3/10 처리 중: 아네모정
2025-03-18 20:49:12,969 - data_load - INFO - 항목 4/10 처리 중: 타치온정50밀리그램(글루타티온(환원형))
2025-03-18 20:49:13,209 - data_load - INFO - 항목 5/10 처리 중: 겔포스현탁액(인산알루미늄겔)
2025-03-18 20:49:13,441 - data_load - INFO - 항목 6/10 처리 중: 일양노이겔현탁액(규산알루민산마그네슘)
2025-03-18 20:49:13,664 - data_load - INFO - 항목 7/10 처리 중: 일양노이시린에이정(규산알루민산마그네슘)
2025-03-18 20:49:13,886 - data_load - INFO - 항목 8/10 처리 중: 자모
2025-03-18 20:49:14,094 - data_load - INFO - 항목 9/10 처리 중: 페니라민정(클로르페니라민말레산염)
2025-03-18 20:49:14,316 - data_load - INFO - 항목 10/10 처리 중: 삐콤정
2025-03-18 20:49:14,523 - data_load - INFO - 총 10/10개 항목 저장 완료
2025-03-18 20:49:56,103 - data_load - INFO - 데이터 로드 시작
2025-03-18 20:49:56,674 - data_load - INFO - 총 4743개 의약품 중 첫 100개 가져오기 성공
2025-03-18 20:49:56,674 - data_load - INFO - 항목 1/10 처리 중: 활명수
2025-03-18 20:49:56,877 - data_load - INFO - 항목 2/10 처리 중: 신신티눈고(살리실산반창고)(수출명:SINSINCORNPLASTER)
2025-03-18 20:49:57,098 - data_load - INFO - 항목 3/10 처리 중: 아네모정
2025-03-18 20:49:57,318 - data_load - INFO - 항목 4/10 처리 중: 타치온정50밀리그램(글루타티온(환원형))
2025-03-18 20:49:57,539 - data_load - INFO - 항목 5/10 처리 중: 겔포스현탁액(인산알루미늄겔)
2025-03-18 20:49:57,757 - data_load - INFO - 항목 6/10 처리 중: 일양노이겔현탁액(규산알루민산마그네슘)
2025-03-18 20:49:57,964 - data_load - INFO - 항목 7/10 처리 중: 일양노이시린에이정(규산알루민산마그네슘)
2025-03-18 20:49:58,185 - data_load - INFO - 항목 8/10 처리 중: 자모
2025-03-18 20:49:58,415 - data_load - INFO - 항목 9/10 처리 중: 페니라민정(클로르페니라민말레산염)
2025-03-18 20:49:58,633 - data_load - INFO - 항목 10/10 처리 중: 삐콤정
2025-03-18 20:49:58,854 - data_load - INFO - 총 10/10개 항목 저장 완료
