2025-03-25 05:23:50,874 - INFO - 의약품 데이터 품질 평가 시작
2025-03-25 05:23:50,880 - INFO - integrated_drug_info 테이블의 컬럼별 데이터 완성도 분석 중...
2025-03-25 05:23:51,167 - INFO - integrated_drug_info 테이블의 레코드별 품질 점수 계산 중...
2025-03-25 05:23:51,181 - INFO - integrated_drug_info 테이블에 총 32227개 레코드가 있습니다.
2025-03-25 05:23:51,181 - INFO - 점수 임계치 - 최우수: 126, 우수: 105, 평균: 84, 최소: 64
2025-03-25 05:23:51,217 - INFO - 처리 중... 1000/32227 (3.10%) - 27973.6 레코드/초 - 남은 시간: 1.1초
2025-03-25 05:23:51,256 - INFO - 처리 중... 2000/32227 (6.21%) - 26826.1 레코드/초 - 남은 시간: 1.1초
2025-03-25 05:23:51,296 - INFO - 처리 중... 3000/32227 (9.31%) - 26023.1 레코드/초 - 남은 시간: 1.1초
2025-03-25 05:23:51,340 - INFO - 처리 중... 4000/32227 (12.41%) - 25185.2 레코드/초 - 남은 시간: 1.1초
2025-03-25 05:23:51,385 - INFO - 처리 중... 5000/32227 (15.51%) - 24545.7 레코드/초 - 남은 시간: 1.1초
2025-03-25 05:23:51,428 - INFO - 처리 중... 6000/32227 (18.62%) - 24262.9 레코드/초 - 남은 시간: 1.1초
2025-03-25 05:23:51,475 - INFO - 처리 중... 7000/32227 (21.72%) - 23794.1 레코드/초 - 남은 시간: 1.1초
2025-03-25 05:23:51,523 - INFO - 처리 중... 8000/32227 (24.82%) - 23388.2 레코드/초 - 남은 시간: 1.0초
2025-03-25 05:23:51,571 - INFO - 처리 중... 9000/32227 (27.93%) - 23086.7 레코드/초 - 남은 시간: 1.0초
2025-03-25 05:23:51,621 - INFO - 처리 중... 10000/32227 (31.03%) - 22710.3 레코드/초 - 남은 시간: 1.0초
2025-03-25 05:23:51,676 - INFO - 처리 중... 11000/32227 (34.13%) - 22212.9 레코드/초 - 남은 시간: 1.0초
2025-03-25 05:23:51,727 - INFO - 처리 중... 12000/32227 (37.24%) - 21984.6 레코드/초 - 남은 시간: 0.9초
2025-03-25 05:23:51,780 - INFO - 처리 중... 13000/32227 (40.34%) - 21723.3 레코드/초 - 남은 시간: 0.9초
2025-03-25 05:23:51,829 - INFO - 처리 중... 14000/32227 (43.44%) - 21625.4 레코드/초 - 남은 시간: 0.8초
2025-03-25 05:23:51,875 - INFO - 처리 중... 15000/32227 (46.54%) - 21608.4 레코드/초 - 남은 시간: 0.8초
2025-03-25 05:23:51,925 - INFO - 처리 중... 16000/32227 (49.65%) - 21501.7 레코드/초 - 남은 시간: 0.8초
2025-03-25 05:23:51,984 - INFO - 처리 중... 17000/32227 (52.75%) - 21185.0 레코드/초 - 남은 시간: 0.7초
2025-03-25 05:23:52,043 - INFO - 처리 중... 18000/32227 (55.85%) - 20887.6 레코드/초 - 남은 시간: 0.7초
2025-03-25 05:23:52,103 - INFO - 처리 중... 19000/32227 (58.96%) - 20608.9 레코드/초 - 남은 시간: 0.6초
2025-03-25 05:23:52,163 - INFO - 처리 중... 20000/32227 (62.06%) - 20367.0 레코드/초 - 남은 시간: 0.6초
2025-03-25 05:23:52,226 - INFO - 처리 중... 21000/32227 (65.16%) - 20101.4 레코드/초 - 남은 시간: 0.6초
2025-03-25 05:23:52,290 - INFO - 처리 중... 22000/32227 (68.27%) - 19842.9 레코드/초 - 남은 시간: 0.5초
2025-03-25 05:23:52,356 - INFO - 처리 중... 23000/32227 (71.37%) - 19578.6 레코드/초 - 남은 시간: 0.5초
2025-03-25 05:23:52,448 - INFO - 처리 중... 24000/32227 (74.47%) - 18942.6 레코드/초 - 남은 시간: 0.4초
2025-03-25 05:23:52,520 - INFO - 처리 중... 25000/32227 (77.57%) - 18673.8 레코드/초 - 남은 시간: 0.4초
2025-03-25 05:23:52,592 - INFO - 처리 중... 26000/32227 (80.68%) - 18428.7 레코드/초 - 남은 시간: 0.3초
2025-03-25 05:23:52,664 - INFO - 처리 중... 27000/32227 (83.78%) - 18205.0 레코드/초 - 남은 시간: 0.3초
2025-03-25 05:23:52,740 - INFO - 처리 중... 28000/32227 (86.88%) - 17963.1 레코드/초 - 남은 시간: 0.2초
2025-03-25 05:23:52,813 - INFO - 처리 중... 29000/32227 (89.99%) - 17773.1 레코드/초 - 남은 시간: 0.2초
2025-03-25 05:23:52,884 - INFO - 처리 중... 30000/32227 (93.09%) - 17618.0 레코드/초 - 남은 시간: 0.1초
2025-03-25 05:23:52,954 - INFO - 처리 중... 31000/32227 (96.19%) - 17490.8 레코드/초 - 남은 시간: 0.1초
2025-03-25 05:23:53,025 - INFO - 처리 중... 32000/32227 (99.30%) - 17355.2 레코드/초 - 남은 시간: 0.0초
2025-03-25 05:23:53,077 - INFO - 처리 중... 32227/32227 (100.00%) - 16996.7 레코드/초 - 남은 시간: 0.0초
2025-03-25 05:23:53,078 - INFO - 
품질 등급 통계:
2025-03-25 05:23:53,078 - INFO - - minimum: 9289개 (28.82%)
2025-03-25 05:23:53,078 - INFO - - average: 17179개 (53.31%)
2025-03-25 05:23:53,079 - INFO - - good: 315개 (0.98%)
2025-03-25 05:23:53,079 - INFO - - poor: 5444개 (16.89%)
2025-03-25 05:23:53,085 - INFO - 
=== 품질 평가 요약 ===
2025-03-25 05:23:53,085 - INFO - 총 32227개 레코드 평가 완료
2025-03-25 05:23:53,086 - INFO - 최대 가능 점수: 140
2025-03-25 05:23:53,086 - INFO - 점수 임계치 - 최우수: 126, 우수: 105, 평균: 84, 최소: 64
2025-03-25 05:23:53,086 - INFO - 
--- 품질 등급 분포 ---
2025-03-25 05:23:53,087 - INFO - minimum: 9289개 (28.82%)
2025-03-25 05:23:53,087 - INFO - average: 17179개 (53.31%)
2025-03-25 05:23:53,087 - INFO - good: 315개 (0.98%)
2025-03-25 05:23:53,087 - INFO - poor: 5444개 (16.89%)
2025-03-25 05:23:53,088 - INFO - 
--- 상위 10개 고품질 레코드 ---
2025-03-25 05:23:53,090 - INFO - 
+----+-------+------------+------------------------------+---------+-----------------+------------------+-----------------+---------------------+
|    |    id |   item_seq | item_name                    |   score | quality_level   |   filled_columns |   total_columns |   percentage_filled |
|----+-------+------------+------------------------------+---------+-----------------+------------------+-----------------+---------------------|
|  0 |   259 |  200103343 | 팬스타정(덱시부프로펜)                 |     109 | good            |               21 |              24 |                87.5 |
|  1 |  1213 |  201602068 | 덱스렌정(덱시부프로펜디.씨.)             |     109 | good            |               21 |              24 |                87.5 |
|  2 |  2134 |  201800567 | 타세놀8시간이알서방정325밀리그램(아세트아미노펜)  |     109 | good            |               21 |              24 |                87.5 |
|  3 |  2820 |  201705636 | 일성아세트아미노펜정325밀리그램            |     109 | good            |               21 |              24 |                87.5 |
|  4 |  2822 |  201701248 | 나프록소정(나프록센나트륨)               |     109 | good            |               21 |              24 |                87.5 |
|  5 |  4298 |  199601484 | 펜세타정(아세트아미노펜제피세립)            |     109 | good            |               21 |              24 |                87.5 |
|  6 |  5027 |  201905099 | 아세트엠8시간이알서방정650밀리그램(아세트아미노펜) |     109 | good            |               21 |              24 |                87.5 |
|  7 |  7505 |  199502585 | 삼익아세트아미노펜정500밀리그람            |     109 | good            |               21 |              24 |                87.5 |
|  8 |  8443 |  201201967 | 네로민정                         |     109 | good            |               21 |              24 |                87.5 |
|  9 | 10080 |  202006755 | 엘앤씨메가펜정(아세트아미노펜제피세립)         |     109 | good            |               21 |              24 |                87.5 |
+----+-------+------------+------------------------------+---------+-----------------+------------------+-----------------+---------------------+
2025-03-25 05:23:53,091 - INFO - 
--- 중요 컬럼 통계 (상위 15개) ---
2025-03-25 05:23:53,093 - INFO - 
+----+-------------------+-------------------+---------------------+----------+--------------+
|    | column            |   non_empty_count |   filled_percentage |   weight | importance   |
|----+-------------------+-------------------+---------------------+----------+--------------|
|  0 | item_name         |             26787 |               83.12 |       10 | High         |
|  1 | entp_name         |             26787 |               83.12 |       10 | High         |
|  2 | class_name        |             26431 |               82.02 |       10 | High         |
|  3 | efcy_qesitm       |                 0 |                0    |       10 | High         |
|  4 | drug_shape        |             26783 |               83.11 |        7 | Medium       |
|  5 | color_class1      |             26785 |               83.11 |        7 | Medium       |
|  6 | form_code_name    |             26781 |               83.1  |        7 | Medium       |
|  7 | print_front       |             26382 |               81.86 |        7 | Medium       |
|  8 | print_back        |             13832 |               42.92 |        7 | Medium       |
|  9 | chart             |             26787 |               83.12 |        5 | Medium       |
| 10 | item_eng_name     |             25131 |               77.98 |        5 | Medium       |
| 11 | atpn_qesitm       |              3197 |                9.92 |        5 | Medium       |
| 12 | se_qesitm         |              3046 |                9.45 |        5 | Medium       |
| 13 | use_method_qesitm |                 0 |                0    |        5 | Medium       |
| 14 | item_seq          |             26787 |               83.12 |        3 | Low          |
+----+-------------------+-------------------+---------------------+----------+--------------+
2025-03-25 05:23:53,149 - INFO - 분석 결과가 'results' 디렉토리에 저장되었습니다.
2025-03-25 05:23:53,151 - INFO - 데이터베이스 연결 종료
2025-03-25 05:23:53,151 - INFO - 의약품 데이터 품질 평가 완료
